#
# There is insufficient memory for the Java Runtime Environment to continue.
# Native memory allocation (malloc) failed to allocate 32744 bytes for Chunk::new
# Possible reasons:
#   The system is out of physical RAM or swap space
#   The process is running with CompressedOops enabled, and the Java Heap may be blocking the growth of the native heap
# Possible solutions:
#   Reduce memory load on the system
#   Increase physical memory or swap space
#   Check if swap backing store is full
#   Decrease Java heap size (-Xmx/-Xms)
#   Decrease number of Java threads
#   Decrease Java thread stack sizes (-Xss)
#   Set larger code cache with -XX:ReservedCodeCacheSize=
#   JVM is running with Unscaled Compressed Oops mode in which the Java heap is
#     placed in the first 4GB address space. The Java Heap base address is the
#     maximum limit for the native heap growth. Please use -XX:HeapBaseMinAddress
#     to set the Java Heap base and to place the Java Heap above 4GB virtual address.
# This output file may be truncated or incomplete.
#
#  Out of Memory Error (arena.cpp:184), pid=9580, tid=18400
#
# JRE version: Java(TM) SE Runtime Environment (18.0.1+10) (build 18.0.1+10-24)
# Java VM: Java HotSpot(TM) 64-Bit Server VM (18.0.1+10-24, mixed mode, sharing, tiered, compressed oops, compressed class ptrs, g1 gc, windows-amd64)
# No core dump will be written. Minidumps are not enabled by default on client versions of Windows
#

---------------  S U M M A R Y ------------

Command Line: -Dfile.encoding=UTF-8 --module-path=C:\Users\anike\Documents\NetBeansProjects\Pharmacy Management System2\build\classes PharmacistDashboard

Host: AMD Ryzen 3 3250U with Radeon Graphics         , 4 cores, 3G,  Windows 10 , 64 bit Build 19041 (10.0.19041.2913)
Time: Sun Jul 23 13:00:52 2023 India Standard Time elapsed time: 38.954208 seconds (0d 0h 0m 38s)

---------------  T H R E A D  ---------------

Current thread (0x000002741b3de720):  JavaThread "C1 CompilerThread0" daemon [_thread_in_native, id=18400, stack(0x000000e640500000,0x000000e640600000)]


Current CompileTask:
C1:  38954 2803   !   3       java.awt.DefaultKeyboardFocusManager::dispatchEvent (1621 bytes)

Stack: [0x000000e640500000,0x000000e640600000]
Native frames: (J=compiled Java code, j=interpreted, Vv=VM code, C=native code)
V  [jvm.dll+0x69887a]
V  [jvm.dll+0x7f38bd]
V  [jvm.dll+0x7f51ce]
V  [jvm.dll+0x7f5883]
V  [jvm.dll+0x25ca3f]
V  [jvm.dll+0xb8c2f]
V  [jvm.dll+0xb8fa5]
V  [jvm.dll+0x18a94f]
V  [jvm.dll+0x18bed6]
V  [jvm.dll+0x18f67f]
V  [jvm.dll+0x148df3]
V  [jvm.dll+0x1486cf]
V  [jvm.dll+0x148926]
V  [jvm.dll+0x147d9a]
V  [jvm.dll+0x149a81]
V  [jvm.dll+0x23e8ca]
V  [jvm.dll+0x23cbb5]
V  [jvm.dll+0x7a5fb1]
V  [jvm.dll+0x7a03ea]
V  [jvm.dll+0x697725]
C  [ucrtbase.dll+0x21bb2]
C  [KERNEL32.DLL+0x17614]
C  [ntdll.dll+0x526a1]


---------------  P R O C E S S  ---------------

Threads class SMR info:
_java_thread_list=0x000002741b4960e0, length=19, elements={
0x000002741b3b8c20, 0x000002741b3b9490, 0x000002741b3c8f20, 0x000002741b3ca4e0,
0x000002741b3caa90, 0x000002741b3cb040, 0x000002741b3d9bd0, 0x000002741b3de720,
0x000002741b3dfc30, 0x000002741b4ce960, 0x000002741f894040, 0x000002741f988a80,
0x000002741f988f40, 0x000002741faae010, 0x000002741fb65020, 0x000002747e55f260,
0x00000274205a0880, 0x000002742059fee0, 0x00000274205a1bc0
}

Java Threads: ( => current thread )
  0x000002741b3b8c20 JavaThread "Reference Handler" daemon [_thread_blocked, id=16404, stack(0x000000e63fd00000,0x000000e63fe00000)]
  0x000002741b3b9490 JavaThread "Finalizer" daemon [_thread_blocked, id=17600, stack(0x000000e63fe00000,0x000000e63ff00000)]
  0x000002741b3c8f20 JavaThread "Signal Dispatcher" daemon [_thread_blocked, id=7668, stack(0x000000e640000000,0x000000e640100000)]
  0x000002741b3ca4e0 JavaThread "Attach Listener" daemon [_thread_blocked, id=13304, stack(0x000000e640100000,0x000000e640200000)]
  0x000002741b3caa90 JavaThread "Service Thread" daemon [_thread_blocked, id=17044, stack(0x000000e640200000,0x000000e640300000)]
  0x000002741b3cb040 JavaThread "Monitor Deflation Thread" daemon [_thread_blocked, id=12008, stack(0x000000e640300000,0x000000e640400000)]
  0x000002741b3d9bd0 JavaThread "C2 CompilerThread0" daemon [_thread_in_native, id=10888, stack(0x000000e640400000,0x000000e640500000)]
=>0x000002741b3de720 JavaThread "C1 CompilerThread0" daemon [_thread_in_native, id=18400, stack(0x000000e640500000,0x000000e640600000)]
  0x000002741b3dfc30 JavaThread "Sweeper thread" daemon [_thread_blocked, id=17224, stack(0x000000e640600000,0x000000e640700000)]
  0x000002741b4ce960 JavaThread "Common-Cleaner" daemon [_thread_blocked, id=9764, stack(0x000000e640700000,0x000000e640800000)]
  0x000002741f894040 JavaThread "Notification Thread" daemon [_thread_blocked, id=14376, stack(0x000000e640800000,0x000000e640900000)]
  0x000002741f988a80 JavaThread "Java2D Disposer" daemon [_thread_blocked, id=5532, stack(0x000000e640a00000,0x000000e640b00000)]
  0x000002741f988f40 JavaThread "AWT-Shutdown" [_thread_blocked, id=5852, stack(0x000000e640b00000,0x000000e640c00000)]
  0x000002741faae010 JavaThread "AWT-Windows" daemon [_thread_in_native, id=4288, stack(0x000000e640c00000,0x000000e640d00000)]
  0x000002741fb65020 JavaThread "AWT-EventQueue-0" [_thread_blocked, id=12160, stack(0x000000e640d00000,0x000000e640e00000)]
  0x000002747e55f260 JavaThread "DestroyJavaVM" [_thread_blocked, id=6884, stack(0x000000e63f600000,0x000000e63f700000)]
  0x00000274205a0880 JavaThread "D3D Screen Updater" daemon [_thread_blocked, id=17820, stack(0x000000e641900000,0x000000e641a00000)]
  0x000002742059fee0 JavaThread "mysql-cj-abandoned-connection-cleanup" daemon [_thread_blocked, id=5868, stack(0x000000e641a00000,0x000000e641b00000)]
  0x00000274205a1bc0 JavaThread "TimerQueue" daemon [_thread_blocked, id=5304, stack(0x000000e641d00000,0x000000e641e00000)]

Other Threads:
  0x000002741b3b5c20 VMThread "VM Thread" [stack: 0x000000e63fc00000,0x000000e63fd00000] [id=2796]
  0x000002741f81abe0 WatcherThread "VM Periodic Task Thread" [stack: 0x000000e640900000,0x000000e640a00000] [id=5536]
  0x000002747e59ddc0 WorkerThread "GC Thread#0" [stack: 0x000000e63f700000,0x000000e63f800000] [id=14552]
  0x000002742037e290 WorkerThread "GC Thread#1" [stack: 0x000000e641500000,0x000000e641600000] [id=11392]
  0x000002742037e530 WorkerThread "GC Thread#2" [stack: 0x000000e641600000,0x000000e641700000] [id=1924]
  0x0000027420380be0 WorkerThread "GC Thread#3" [stack: 0x000000e641700000,0x000000e641800000] [id=10336]
  0x000002747e5a5b30 ConcurrentGCThread "G1 Main Marker" [stack: 0x000000e63f800000,0x000000e63f900000] [id=17848]
  0x000002747e5a6520 WorkerThread "G1 Conc#0" [stack: 0x000000e63f900000,0x000000e63fa00000] [id=10908]
  0x000002747e5cdf70 ConcurrentGCThread "G1 Refine#0" [stack: 0x000000e63fa00000,0x000000e63fb00000] [id=1800]
  0x0000027420447830 ConcurrentGCThread "G1 Refine#1" [stack: 0x000000e641800000,0x000000e641900000] [id=6584]
  0x000002747e5d04a0 ConcurrentGCThread "G1 Service" [stack: 0x000000e63fb00000,0x000000e63fc00000] [id=16212]

Threads with active compile tasks:
C2 CompilerThread0    39009 2806 %     4       java.awt.LinearGradientPaintContext::fillRaster @ 50 (97 bytes)
C1 CompilerThread0    39009 2803   !   3       java.awt.DefaultKeyboardFocusManager::dispatchEvent (1621 bytes)

VM state: not at safepoint (normal execution)

VM Mutex/Monitor currently owned by a thread: None

Heap address: 0x00000000c8e00000, size: 882 MB, Compressed Oops mode: 32-bit

CDS archive(s) mapped at: [0x0000000800000000-0x0000000800ba0000-0x0000000800ba0000), size 12189696, SharedBaseAddress: 0x0000000800000000, ArchiveRelocationMode: 0.
Compressed class space mapped at: 0x0000000800c00000-0x0000000840c00000, reserved size: 1073741824
Narrow klass base: 0x0000000800000000, Narrow klass shift: 0, Narrow klass range: 0x100000000

GC Precious Log:
 CardTable entry size: 512
 Card Set container configuration: InlinePtr #cards 5 size 8 Array Of Cards #cards 12 size 40 Howl #buckets 4 coarsen threshold 1843 Howl Bitmap #cards 512 size 80 coarsen threshold 460 Card regions per heap region 1 cards per card region 2048
 CPUs: 4 total, 4 available
 Memory: 3526M
 Large Page Support: Disabled
 NUMA Support: Disabled
 Compressed Oops: Enabled (32-bit)
 Heap Region Size: 1M
 Heap Min Capacity: 8M
 Heap Initial Capacity: 56M
 Heap Max Capacity: 882M
 Pre-touch: Disabled
 Parallel Workers: 4
 Concurrent Workers: 1
 Concurrent Refinement Workers: 4
 Periodic GC: Disabled

Heap:
 garbage-first heap   total 57344K, used 27431K [0x00000000c8e00000, 0x0000000100000000)
  region size 1024K, 16 young (16384K), 2 survivors (2048K)
 Metaspace       used 16244K, committed 16512K, reserved 1114112K
  class space    used 1801K, committed 1920K, reserved 1048576K

Heap Regions: E=young(eden), S=young(survivor), O=old, HS=humongous(starts), HC=humongous(continues), CS=collection set, F=free, OA=open archive, CA=closed archive, TAMS=top-at-mark-start (previous, next)
|   0|0x00000000c8e00000, 0x00000000c8f00000, 0x00000000c8f00000|100%| O|  |TAMS 0x00000000c8e00000, 0x00000000c8e00000| Untracked 
|   1|0x00000000c8f00000, 0x00000000c9000000, 0x00000000c9000000|100%| O|  |TAMS 0x00000000c8f00000, 0x00000000c8f00000| Untracked 
|   2|0x00000000c9000000, 0x00000000c9100000, 0x00000000c9100000|100%| O|  |TAMS 0x00000000c9000000, 0x00000000c9000000| Untracked 
|   3|0x00000000c9100000, 0x00000000c9160600, 0x00000000c9200000| 37%| O|  |TAMS 0x00000000c9100000, 0x00000000c9100000| Untracked 
|   4|0x00000000c9200000, 0x00000000c9300000, 0x00000000c9300000|100%|HS|  |TAMS 0x00000000c9200000, 0x00000000c9200000| Complete 
|   5|0x00000000c9300000, 0x00000000c9400000, 0x00000000c9400000|100%|HC|  |TAMS 0x00000000c9300000, 0x00000000c9300000| Complete 
|   6|0x00000000c9400000, 0x00000000c9500000, 0x00000000c9500000|100%|HC|  |TAMS 0x00000000c9400000, 0x00000000c9400000| Complete 
|   7|0x00000000c9500000, 0x00000000c9600000, 0x00000000c9600000|100%|HC|  |TAMS 0x00000000c9500000, 0x00000000c9500000| Complete 
|   8|0x00000000c9600000, 0x00000000c9700000, 0x00000000c9700000|100%|HC|  |TAMS 0x00000000c9600000, 0x00000000c9600000| Complete 
|   9|0x00000000c9700000, 0x00000000c9800000, 0x00000000c9800000|100%|HS|  |TAMS 0x00000000c9700000, 0x00000000c9700000| Complete 
|  10|0x00000000c9800000, 0x00000000c9900000, 0x00000000c9900000|100%|HC|  |TAMS 0x00000000c9800000, 0x00000000c9800000| Complete 
|  11|0x00000000c9900000, 0x00000000c9a00000, 0x00000000c9a00000|100%|HC|  |TAMS 0x00000000c9900000, 0x00000000c9900000| Complete 
|  12|0x00000000c9a00000, 0x00000000c9b00000, 0x00000000c9b00000|100%|HC|  |TAMS 0x00000000c9a00000, 0x00000000c9a00000| Complete 
|  13|0x00000000c9b00000, 0x00000000c9c00000, 0x00000000c9c00000|100%|HC|  |TAMS 0x00000000c9b00000, 0x00000000c9b00000| Complete 
|  14|0x00000000c9c00000, 0x00000000c9c00000, 0x00000000c9d00000|  0%| F|  |TAMS 0x00000000c9c00000, 0x00000000c9c00000| Untracked 
|  15|0x00000000c9d00000, 0x00000000c9d00000, 0x00000000c9e00000|  0%| F|  |TAMS 0x00000000c9d00000, 0x00000000c9d00000| Untracked 
|  16|0x00000000c9e00000, 0x00000000c9e00000, 0x00000000c9f00000|  0%| F|  |TAMS 0x00000000c9e00000, 0x00000000c9e00000| Untracked 
|  17|0x00000000c9f00000, 0x00000000c9f00000, 0x00000000ca000000|  0%| F|  |TAMS 0x00000000c9f00000, 0x00000000c9f00000| Untracked 
|  18|0x00000000ca000000, 0x00000000ca000000, 0x00000000ca100000|  0%| F|  |TAMS 0x00000000ca000000, 0x00000000ca000000| Untracked 
|  19|0x00000000ca100000, 0x00000000ca100000, 0x00000000ca200000|  0%| F|  |TAMS 0x00000000ca100000, 0x00000000ca100000| Untracked 
|  20|0x00000000ca200000, 0x00000000ca200000, 0x00000000ca300000|  0%| F|  |TAMS 0x00000000ca200000, 0x00000000ca200000| Untracked 
|  21|0x00000000ca300000, 0x00000000ca300000, 0x00000000ca400000|  0%| F|  |TAMS 0x00000000ca300000, 0x00000000ca300000| Untracked 
|  22|0x00000000ca400000, 0x00000000ca400000, 0x00000000ca500000|  0%| F|  |TAMS 0x00000000ca400000, 0x00000000ca400000| Untracked 
|  23|0x00000000ca500000, 0x00000000ca500000, 0x00000000ca600000|  0%| F|  |TAMS 0x00000000ca500000, 0x00000000ca500000| Untracked 
|  24|0x00000000ca600000, 0x00000000ca600000, 0x00000000ca700000|  0%| F|  |TAMS 0x00000000ca600000, 0x00000000ca600000| Untracked 
|  25|0x00000000ca700000, 0x00000000ca700000, 0x00000000ca800000|  0%| F|  |TAMS 0x00000000ca700000, 0x00000000ca700000| Untracked 
|  26|0x00000000ca800000, 0x00000000ca800000, 0x00000000ca900000|  0%| F|  |TAMS 0x00000000ca800000, 0x00000000ca800000| Untracked 
|  27|0x00000000ca900000, 0x00000000ca900000, 0x00000000caa00000|  0%| F|  |TAMS 0x00000000ca900000, 0x00000000ca900000| Untracked 
|  28|0x00000000caa00000, 0x00000000caa00000, 0x00000000cab00000|  0%| F|  |TAMS 0x00000000caa00000, 0x00000000caa00000| Untracked 
|  29|0x00000000cab00000, 0x00000000cab00000, 0x00000000cac00000|  0%| F|  |TAMS 0x00000000cab00000, 0x00000000cab00000| Untracked 
|  30|0x00000000cac00000, 0x00000000cac00000, 0x00000000cad00000|  0%| F|  |TAMS 0x00000000cac00000, 0x00000000cac00000| Untracked 
|  31|0x00000000cad00000, 0x00000000cad00000, 0x00000000cae00000|  0%| F|  |TAMS 0x00000000cad00000, 0x00000000cad00000| Untracked 
|  32|0x00000000cae00000, 0x00000000cae69670, 0x00000000caf00000| 41%| S|CS|TAMS 0x00000000cae00000, 0x00000000cae00000| Complete 
|  33|0x00000000caf00000, 0x00000000cb000000, 0x00000000cb000000|100%| S|CS|TAMS 0x00000000caf00000, 0x00000000caf00000| Complete 
|  34|0x00000000cb000000, 0x00000000cb000000, 0x00000000cb100000|  0%| F|  |TAMS 0x00000000cb000000, 0x00000000cb000000| Untracked 
|  35|0x00000000cb100000, 0x00000000cb100000, 0x00000000cb200000|  0%| F|  |TAMS 0x00000000cb100000, 0x00000000cb100000| Untracked 
|  36|0x00000000cb200000, 0x00000000cb200000, 0x00000000cb300000|  0%| F|  |TAMS 0x00000000cb200000, 0x00000000cb200000| Untracked 
|  37|0x00000000cb300000, 0x00000000cb300000, 0x00000000cb400000|  0%| F|  |TAMS 0x00000000cb300000, 0x00000000cb300000| Untracked 
|  38|0x00000000cb400000, 0x00000000cb400000, 0x00000000cb500000|  0%| F|  |TAMS 0x00000000cb400000, 0x00000000cb400000| Untracked 
|  39|0x00000000cb500000, 0x00000000cb500000, 0x00000000cb600000|  0%| F|  |TAMS 0x00000000cb500000, 0x00000000cb500000| Untracked 
|  40|0x00000000cb600000, 0x00000000cb600000, 0x00000000cb700000|  0%| F|  |TAMS 0x00000000cb600000, 0x00000000cb600000| Untracked 
|  41|0x00000000cb700000, 0x00000000cb700000, 0x00000000cb800000|  0%| F|  |TAMS 0x00000000cb700000, 0x00000000cb700000| Untracked 
|  42|0x00000000cb800000, 0x00000000cb857bd8, 0x00000000cb900000| 34%| E|  |TAMS 0x00000000cb800000, 0x00000000cb800000| Complete 
|  43|0x00000000cb900000, 0x00000000cba00000, 0x00000000cba00000|100%| E|CS|TAMS 0x00000000cb900000, 0x00000000cb900000| Complete 
|  44|0x00000000cba00000, 0x00000000cbb00000, 0x00000000cbb00000|100%| E|CS|TAMS 0x00000000cba00000, 0x00000000cba00000| Complete 
|  45|0x00000000cbb00000, 0x00000000cbc00000, 0x00000000cbc00000|100%| E|CS|TAMS 0x00000000cbb00000, 0x00000000cbb00000| Complete 
|  46|0x00000000cbc00000, 0x00000000cbd00000, 0x00000000cbd00000|100%| E|CS|TAMS 0x00000000cbc00000, 0x00000000cbc00000| Complete 
|  47|0x00000000cbd00000, 0x00000000cbe00000, 0x00000000cbe00000|100%| E|CS|TAMS 0x00000000cbd00000, 0x00000000cbd00000| Complete 
|  48|0x00000000cbe00000, 0x00000000cbf00000, 0x00000000cbf00000|100%| E|CS|TAMS 0x00000000cbe00000, 0x00000000cbe00000| Complete 
|  49|0x00000000cbf00000, 0x00000000cc000000, 0x00000000cc000000|100%| E|CS|TAMS 0x00000000cbf00000, 0x00000000cbf00000| Complete 
|  50|0x00000000cc000000, 0x00000000cc100000, 0x00000000cc100000|100%| E|CS|TAMS 0x00000000cc000000, 0x00000000cc000000| Complete 
|  51|0x00000000cc100000, 0x00000000cc200000, 0x00000000cc200000|100%| E|CS|TAMS 0x00000000cc100000, 0x00000000cc100000| Complete 
|  52|0x00000000cc200000, 0x00000000cc300000, 0x00000000cc300000|100%| E|CS|TAMS 0x00000000cc200000, 0x00000000cc200000| Complete 
|  53|0x00000000cc300000, 0x00000000cc400000, 0x00000000cc400000|100%| E|  |TAMS 0x00000000cc300000, 0x00000000cc300000| Complete 
|  54|0x00000000cc400000, 0x00000000cc500000, 0x00000000cc500000|100%| E|CS|TAMS 0x00000000cc400000, 0x00000000cc400000| Complete 
|  55|0x00000000cc500000, 0x00000000cc600000, 0x00000000cc600000|100%| E|CS|TAMS 0x00000000cc500000, 0x00000000cc500000| Complete 

Card table byte_map: [0x0000027416f70000,0x0000027417130000] _byte_map_base: 0x0000027416929000

Marking Bits (Prev, Next): (CMBitMap*) 0x000002747e59e3c0, (CMBitMap*) 0x000002747e59e400
 Prev Bits: [0x00000274172f0000, 0x00000274180b8000)
 Next Bits: [0x00000274180c0000, 0x0000027418e88000)

Polling page: 0x000002747e630000

Metaspace:

Usage:
  Non-class:     14.10 MB used.
      Class:      1.76 MB used.
       Both:     15.86 MB used.

Virtual space:
  Non-class space:       64.00 MB reserved,      14.25 MB ( 22%) committed,  1 nodes.
      Class space:        1.00 GB reserved,       1.88 MB ( <1%) committed,  1 nodes.
             Both:        1.06 GB reserved,      16.12 MB (  1%) committed. 

Chunk freelists:
   Non-Class:  1022.00 KB
       Class:  2.12 MB
        Both:  3.12 MB

MaxMetaspaceSize: unlimited
CompressedClassSpaceSize: 1.00 GB
Initial GC threshold: 21.00 MB
Current GC threshold: 21.00 MB
CDS: on
MetaspaceReclaimPolicy: balanced
 - commit_granule_bytes: 65536.
 - commit_granule_words: 8192.
 - virtual_space_node_default_size: 8388608.
 - enlarge_chunks_in_place: 1.
 - new_chunks_are_fully_committed: 0.
 - uncommit_free_chunks: 1.
 - use_allocation_guard: 0.


Internal statistics:

num_allocs_failed_limit: 0.
num_arena_births: 174.
num_arena_deaths: 0.
num_vsnodes_births: 2.
num_vsnodes_deaths: 0.
num_space_committed: 258.
num_space_uncommitted: 0.
num_chunks_returned_to_freelist: 0.
num_chunks_taken_from_freelist: 350.
num_chunk_merges: 0.
num_chunk_splits: 208.
num_chunks_enlarged: 113.
num_inconsistent_stats: 0.

CodeHeap 'non-profiled nmethods': size=120000Kb used=1261Kb max_used=1261Kb free=118738Kb
 bounds [0x000002740f340000, 0x000002740f5b0000, 0x0000027416870000]
CodeHeap 'profiled nmethods': size=120000Kb used=5564Kb max_used=5564Kb free=114435Kb
 bounds [0x0000027407e10000, 0x0000027408380000, 0x000002740f340000]
CodeHeap 'non-nmethods': size=5760Kb used=1380Kb max_used=1414Kb free=4379Kb
 bounds [0x0000027407870000, 0x0000027407ae0000, 0x0000027407e10000]
 total_blobs=3511 nmethods=2786 adapters=636
 compilation: enabled
              stopped_count=0, restarted_count=0
 full_count=0

Compilation events (20 events):
Event: 38.544 Thread 0x000002741b3de720 2793       3       sun.java2d.SurfaceData::<init> (36 bytes)
Event: 38.544 Thread 0x000002741b3de720 nmethod 2793 0x000002740837a910 code [0x000002740837aac0, 0x000002740837ae58]
Event: 38.544 Thread 0x000002741b3de720 2794       3       sun.java2d.marlin.TransformingPathConsumer2D$CurveClipSplitter::init (63 bytes)
Event: 38.544 Thread 0x000002741b3de720 nmethod 2794 0x000002740837af90 code [0x000002740837b160, 0x000002740837b338]
Event: 38.563 Thread 0x000002741b3de720 2795       3       sun.awt.im.InputContext::dispatchEvent (173 bytes)
Event: 38.565 Thread 0x000002741b3de720 nmethod 2795 0x000002740837b410 code [0x000002740837b7e0, 0x000002740837df18]
Event: 38.832 Thread 0x000002741b3d9bd0 2797       4       java.awt.Toolkit$SelectiveAWTEventListener::eventDispatched (745 bytes)
Event: 38.835 Thread 0x000002741b3de720 2798       3       java.util.concurrent.ConcurrentHashMap::tableSizeFor (32 bytes)
Event: 38.835 Thread 0x000002741b3de720 nmethod 2798 0x000002740837e690 code [0x000002740837e840, 0x000002740837ea68]
Event: 38.841 Thread 0x000002741b3d9bd0 nmethod 2797 0x000002740f479d90 code [0x000002740f479f60, 0x000002740f47a688]
Event: 38.842 Thread 0x000002741b3d9bd0 2799       4       java.lang.Integer::bitCount (53 bytes)
Event: 38.842 Thread 0x000002741b3d9bd0 nmethod 2799 0x000002740f47ab10 code [0x000002740f47ac80, 0x000002740f47ad38]
Event: 38.915 Thread 0x000002741b3de720 2800       3       java.awt.AWTKeyStroke::equals (64 bytes)
Event: 38.915 Thread 0x000002741b3de720 nmethod 2800 0x000002740837eb10 code [0x000002740837ecc0, 0x000002740837f158]
Event: 38.916 Thread 0x000002741b3d9bd0 2801       4       java.util.LinkedList$ListItr::hasNext (20 bytes)
Event: 38.917 Thread 0x000002741b3d9bd0 nmethod 2801 0x000002740f47ae10 code [0x000002740f47af80, 0x000002740f47b018]
Event: 38.917 Thread 0x000002741b3d9bd0 2802       4       java.awt.KeyboardFocusManager::getCurrentKeyboardFocusManager (7 bytes)
Event: 38.917 Thread 0x000002741b3de720 2803   !   3       java.awt.DefaultKeyboardFocusManager::dispatchEvent (1621 bytes)
Event: 38.920 Thread 0x000002741b3d9bd0 nmethod 2802 0x000002740f47b110 code [0x000002740f47b2c0, 0x000002740f47b5e8]
Event: 38.942 Thread 0x000002741b3d9bd0 2806 %     4       java.awt.LinearGradientPaintContext::fillRaster @ 50 (97 bytes)

GC Heap History (6 events):
Event: 1.475 GC heap before
{Heap before GC invocations=0 (full 0):
 garbage-first heap   total 57344K, used 13312K [0x00000000c8e00000, 0x0000000100000000)
  region size 1024K, 13 young (13312K), 0 survivors (0K)
 Metaspace       used 7235K, committed 7424K, reserved 1114112K
  class space    used 807K, committed 896K, reserved 1048576K
}
Event: 1.508 GC heap after
{Heap after GC invocations=1 (full 0):
 garbage-first heap   total 57344K, used 3417K [0x00000000c8e00000, 0x0000000100000000)
  region size 1024K, 2 young (2048K), 2 survivors (2048K)
 Metaspace       used 7235K, committed 7424K, reserved 1114112K
  class space    used 807K, committed 896K, reserved 1048576K
}
Event: 1.615 GC heap before
{Heap before GC invocations=1 (full 0):
 garbage-first heap   total 57344K, used 16729K [0x00000000c8e00000, 0x0000000100000000)
  region size 1024K, 15 young (15360K), 2 survivors (2048K)
 Metaspace       used 7237K, committed 7424K, reserved 1114112K
  class space    used 807K, committed 896K, reserved 1048576K
}
Event: 1.632 GC heap after
{Heap after GC invocations=2 (full 0):
 garbage-first heap   total 57344K, used 3457K [0x00000000c8e00000, 0x0000000100000000)
  region size 1024K, 0 young (0K), 0 survivors (0K)
 Metaspace       used 7237K, committed 7424K, reserved 1114112K
  class space    used 807K, committed 896K, reserved 1048576K
}
Event: 4.834 GC heap before
{Heap before GC invocations=2 (full 0):
 garbage-first heap   total 57344K, used 36225K [0x00000000c8e00000, 0x0000000100000000)
  region size 1024K, 22 young (22528K), 0 survivors (0K)
 Metaspace       used 11487K, committed 11712K, reserved 1114112K
  class space    used 1327K, committed 1408K, reserved 1048576K
}
Event: 4.837 GC heap after
{Heap after GC invocations=3 (full 0):
 garbage-first heap   total 57344K, used 15143K [0x00000000c8e00000, 0x0000000100000000)
  region size 1024K, 2 young (2048K), 2 survivors (2048K)
 Metaspace       used 11487K, committed 11712K, reserved 1114112K
  class space    used 1327K, committed 1408K, reserved 1048576K
}

Deoptimization events (20 events):
Event: 30.829 Thread 0x000002741fb65020 Uncommon trap: trap_request=0xffffff45 fr.pc=0x000002740f44d0dc relative=0x00000000000004bc
Event: 30.829 Thread 0x000002741fb65020 Uncommon trap: reason=unstable_if action=reinterpret pc=0x000002740f44d0dc method=java.awt.geom.AffineTransform.transform([DI[DII)V @ 41 c2
Event: 30.829 Thread 0x000002741fb65020 DEOPT PACKING pc=0x000002740f44d0dc sp=0x000000e640dfb2a0
Event: 30.829 Thread 0x000002741fb65020 DEOPT UNPACKING pc=0x00000274078c23a3 sp=0x000000e640dfb1c0 mode 2
Event: 30.871 Thread 0x000002741fb65020 Uncommon trap: trap_request=0xffffffbe fr.pc=0x000002740f477c7c relative=0x000000000000069c
Event: 30.871 Thread 0x000002741fb65020 Uncommon trap: reason=profile_predicate action=maybe_recompile pc=0x000002740f477c7c method=java.awt.LinearGradientPaintContext.fillRaster([IIIIIII)V @ 53 c2
Event: 30.871 Thread 0x000002741fb65020 DEOPT PACKING pc=0x000002740f477c7c sp=0x000000e640dfb290
Event: 30.871 Thread 0x000002741fb65020 DEOPT UNPACKING pc=0x00000274078c23a3 sp=0x000000e640dfb208 mode 2
Event: 30.871 Thread 0x000002741fb65020 Uncommon trap: trap_request=0xffffffbe fr.pc=0x000002740f477c7c relative=0x000000000000069c
Event: 30.871 Thread 0x000002741fb65020 Uncommon trap: reason=profile_predicate action=maybe_recompile pc=0x000002740f477c7c method=java.awt.LinearGradientPaintContext.fillRaster([IIIIIII)V @ 53 c2
Event: 30.871 Thread 0x000002741fb65020 DEOPT PACKING pc=0x000002740f477c7c sp=0x000000e640dfb290
Event: 30.871 Thread 0x000002741fb65020 DEOPT UNPACKING pc=0x00000274078c23a3 sp=0x000000e640dfb208 mode 2
Event: 30.872 Thread 0x000002741fb65020 Uncommon trap: trap_request=0xffffffbe fr.pc=0x000002740f477c7c relative=0x000000000000069c
Event: 30.872 Thread 0x000002741fb65020 Uncommon trap: reason=profile_predicate action=maybe_recompile pc=0x000002740f477c7c method=java.awt.LinearGradientPaintContext.fillRaster([IIIIIII)V @ 53 c2
Event: 30.872 Thread 0x000002741fb65020 DEOPT PACKING pc=0x000002740f477c7c sp=0x000000e640dfb290
Event: 30.872 Thread 0x000002741fb65020 DEOPT UNPACKING pc=0x00000274078c23a3 sp=0x000000e640dfb208 mode 2
Event: 30.873 Thread 0x000002741fb65020 Uncommon trap: trap_request=0xffffffbe fr.pc=0x000002740f477c7c relative=0x000000000000069c
Event: 30.873 Thread 0x000002741fb65020 Uncommon trap: reason=profile_predicate action=maybe_recompile pc=0x000002740f477c7c method=java.awt.LinearGradientPaintContext.fillRaster([IIIIIII)V @ 53 c2
Event: 30.873 Thread 0x000002741fb65020 DEOPT PACKING pc=0x000002740f477c7c sp=0x000000e640dfb290
Event: 30.873 Thread 0x000002741fb65020 DEOPT UNPACKING pc=0x00000274078c23a3 sp=0x000000e640dfb208 mode 2

Classes loaded (20 events):
Event: 30.807 Loading class java/awt/WaitDispatchSupport
Event: 30.807 Loading class java/awt/SecondaryLoop
Event: 30.808 Loading class java/awt/SecondaryLoop done
Event: 30.808 Loading class java/awt/WaitDispatchSupport done
Event: 30.808 Loading class java/awt/WaitDispatchSupport$5
Event: 30.808 Loading class java/awt/WaitDispatchSupport$5 done
Event: 30.808 Loading class java/awt/WaitDispatchSupport$1
Event: 30.809 Loading class java/awt/WaitDispatchSupport$1 done
Event: 30.809 Loading class java/awt/WaitDispatchSupport$2
Event: 30.809 Loading class java/awt/WaitDispatchSupport$2 done
Event: 30.809 Loading class java/awt/WaitDispatchSupport$4
Event: 30.809 Loading class java/awt/WaitDispatchSupport$4 done
Event: 30.818 Loading class javax/swing/plaf/synth/SynthGraphicsUtils$SynthIconWrapper
Event: 30.819 Loading class javax/swing/plaf/synth/SynthGraphicsUtils$SynthIconWrapper done
Event: 30.820 Loading class javax/swing/plaf/nimbus/OptionPanePainter
Event: 30.821 Loading class javax/swing/plaf/nimbus/OptionPanePainter done
Event: 30.825 Loading class java/awt/geom/EllipseIterator
Event: 30.825 Loading class java/awt/geom/EllipseIterator done
Event: 38.914 Loading class java/awt/Window$1DisposeAction
Event: 38.914 Loading class java/awt/Window$1DisposeAction done

Classes unloaded (0 events):
No events

Classes redefined (0 events):
No events

Internal exceptions (20 events):
Event: 1.120 Thread 0x000002741fb65020 Exception <a 'java/lang/NoSuchMethodError'{0x00000000cc0dfbf0}: 'int java.lang.invoke.Invokers$Holder.invokeExact_MT(java.lang.Object, java.lang.Object)'> (0x00000000cc0dfbf0) 
thrown [s\open\src\hotspot\share\interpreter\linkResolver.cpp, line 766]
Event: 1.130 Thread 0x000002741fb65020 Exception <a 'java/lang/NoSuchMethodError'{0x00000000cc0e6fd8}: 'java.lang.Object java.lang.invoke.DirectMethodHandle$Holder.newInvokeSpecial(java.lang.Object, java.lang.Object, int)'> (0x00000000cc0e6fd8) 
thrown [s\open\src\hotspot\share\interpreter\linkResolver.cpp, line 766]
Event: 1.133 Thread 0x000002741fb65020 Exception <a 'java/lang/NoSuchMethodError'{0x00000000cc0ec210}: 'int java.lang.invoke.DirectMethodHandle$Holder.invokeSpecial(java.lang.Object, java.lang.Object, java.lang.Object, int)'> (0x00000000cc0ec210) 
thrown [s\open\src\hotspot\share\interpreter\linkResolver.cpp, line 766]
Event: 1.136 Thread 0x000002741fb65020 Exception <a 'java/lang/NoSuchMethodError'{0x00000000cc0fec08}: 'java.lang.Object java.lang.invoke.DirectMethodHandle$Holder.invokeStatic(java.lang.Object, java.lang.Object, java.lang.Object, java.lang.Object, int)'> (0x00000000cc0fec08) 
thrown [s\open\src\hotspot\share\interpreter\linkResolver.cpp, line 766]
Event: 1.139 Thread 0x000002741fb65020 Exception <a 'java/lang/NoSuchMethodError'{0x00000000cbf0b1d0}: 'int java.lang.invoke.DirectMethodHandle$Holder.invokeSpecial(java.lang.Object, java.lang.Object, java.lang.Object)'> (0x00000000cbf0b1d0) 
thrown [s\open\src\hotspot\share\interpreter\linkResolver.cpp, line 766]
Event: 1.335 Thread 0x000002741fff33a0 Exception <a 'java/lang/NoSuchMethodError'{0x00000000cbec0950}: 'java.lang.Object java.lang.invoke.DirectMethodHandle$Holder.newInvokeSpecial(java.lang.Object, java.lang.Object, java.lang.Object, int, int, int, int, int)'> (0x00000000cbec0950) 
thrown [s\open\src\hotspot\share\interpreter\linkResolver.cpp, line 766]
Event: 1.797 Thread 0x000002741fb65020 Exception <a 'java/lang/NoSuchMethodError'{0x00000000cbd22400}: 'void java.lang.invoke.DirectMethodHandle$Holder.invokeStaticInit(java.lang.Object)'> (0x00000000cbd22400) 
thrown [s\open\src\hotspot\share\interpreter\linkResolver.cpp, line 766]
Event: 1.933 Thread 0x000002741faae010 Exception <a 'java/lang/NoSuchMethodError'{0x00000000cbef0fc8}: 'void java.lang.invoke.DirectMethodHandle$Holder.invokeVirtual(java.lang.Object, java.lang.Object)'> (0x00000000cbef0fc8) 
thrown [s\open\src\hotspot\share\interpreter\linkResolver.cpp, line 766]
Event: 4.201 Thread 0x000002741fb65020 Implicit null exception at 0x000002740f361a0f to 0x000002740f361a89
Event: 4.740 Thread 0x000002741fb65020 Exception <a 'java/lang/NoSuchMethodError'{0x00000000cb0153a0}: 'java.lang.Object java.lang.invoke.DirectMethodHandle$Holder.invokeInterface(java.lang.Object, java.lang.Object)'> (0x00000000cb0153a0) 
thrown [s\open\src\hotspot\share\interpreter\linkResolver.cpp, line 766]
Event: 4.806 Thread 0x000002741fb65020 Exception <a 'java/lang/NoSuchMethodError'{0x00000000cb0901f0}: 'void java.lang.invoke.DirectMethodHandle$Holder.invokeStatic(java.lang.Object, java.lang.Object, java.lang.Object)'> (0x00000000cb0901f0) 
thrown [s\open\src\hotspot\share\interpreter\linkResolver.cpp, line 766]
Event: 4.811 Thread 0x000002741fb65020 Exception <a 'java/lang/NoSuchMethodError'{0x00000000cb09a1c0}: 'java.lang.Object java.lang.invoke.DirectMethodHandle$Holder.invokeVirtual(java.lang.Object, java.lang.Object, java.lang.Object)'> (0x00000000cb09a1c0) 
thrown [s\open\src\hotspot\share\interpreter\linkResolver.cpp, line 766]
Event: 5.091 Thread 0x000002741fb65020 Exception <a 'java/lang/NoSuchMethodError'{0x00000000cc259228}: 'void java.lang.invoke.DirectMethodHandle$Holder.invokeStatic(java.lang.Object, java.lang.Object)'> (0x00000000cc259228) 
thrown [s\open\src\hotspot\share\interpreter\linkResolver.cpp, line 766]
Event: 11.196 Thread 0x00000274205a2090 Implicit null exception at 0x000002740f3e9526 to 0x000002740f3ed61c
Event: 11.203 Thread 0x00000274205a2090 Implicit null exception at 0x000002740f3e9526 to 0x000002740f3ed61c
Event: 30.805 Thread 0x000002741fb65020 Exception <a 'java/lang/NoSuchMethodError'{0x00000000cb9b0ff0}: 'int java.lang.invoke.DirectMethodHandle$Holder.invokeStatic(java.lang.Object)'> (0x00000000cb9b0ff0) 
thrown [s\open\src\hotspot\share\interpreter\linkResolver.cpp, line 766]
Event: 30.871 Thread 0x000002741fb65020 Implicit null exception at 0x000002740f4776a7 to 0x000002740f477c43
Event: 30.871 Thread 0x000002741fb65020 Implicit null exception at 0x000002740f4776a7 to 0x000002740f477c43
Event: 30.872 Thread 0x000002741fb65020 Implicit null exception at 0x000002740f4776a7 to 0x000002740f477c43
Event: 30.873 Thread 0x000002741fb65020 Implicit null exception at 0x000002740f4776a7 to 0x000002740f477c43

VM Operations (20 events):
Event: 24.231 Executing VM operation: Cleanup
Event: 24.231 Executing VM operation: Cleanup done
Event: 25.234 Executing VM operation: Cleanup
Event: 25.234 Executing VM operation: Cleanup done
Event: 26.248 Executing VM operation: Cleanup
Event: 26.248 Executing VM operation: Cleanup done
Event: 28.276 Executing VM operation: Cleanup
Event: 28.277 Executing VM operation: Cleanup done
Event: 29.281 Executing VM operation: Cleanup
Event: 29.281 Executing VM operation: Cleanup done
Event: 30.296 Executing VM operation: Cleanup
Event: 30.296 Executing VM operation: Cleanup done
Event: 30.737 Executing VM operation: HandshakeAllThreads
Event: 30.737 Executing VM operation: HandshakeAllThreads done
Event: 30.788 Executing VM operation: HandshakeAllThreads
Event: 30.788 Executing VM operation: HandshakeAllThreads done
Event: 31.801 Executing VM operation: Cleanup
Event: 31.801 Executing VM operation: Cleanup done
Event: 38.853 Executing VM operation: Cleanup
Event: 38.854 Executing VM operation: Cleanup done

Events (20 events):
Event: 0.189 Loaded shared library C:\Program Files\Java\jdk-18.0.1\bin\nio.dll
Event: 0.229 Thread 0x000002741f894040 Thread added: 0x000002741f894040
Event: 0.238 Loaded shared library C:\Program Files\Java\jdk-18.0.1\bin\zip.dll
Event: 0.266 Loaded shared library C:\Program Files\Java\jdk-18.0.1\bin\jimage.dll
Event: 0.292 Loaded shared library C:\Program Files\Java\jdk-18.0.1\bin\awt.dll
Event: 0.380 Thread 0x000002741f988a80 Thread added: 0x000002741f988a80
Event: 0.381 Thread 0x000002741f988f40 Thread added: 0x000002741f988f40
Event: 0.382 Thread 0x000002741faae010 Thread added: 0x000002741faae010
Event: 0.553 Loaded shared library C:\Program Files\Java\jdk-18.0.1\bin\freetype.dll
Event: 0.556 Loaded shared library C:\Program Files\Java\jdk-18.0.1\bin\fontmanager.dll
Event: 0.691 Thread 0x000002741fb65020 Thread added: 0x000002741fb65020
Event: 0.691 Thread 0x000002747e55f260 Thread exited: 0x000002747e55f260
Event: 0.691 Thread 0x000002747e55f260 Thread added: 0x000002747e55f260
Event: 1.218 Thread 0x000002741fff33a0 Thread added: 0x000002741fff33a0
Event: 2.111 Thread 0x00000274205a0880 Thread added: 0x00000274205a0880
Event: 4.657 Thread 0x000002742059fee0 Thread added: 0x000002742059fee0
Event: 7.401 Thread 0x00000274205a1bc0 Thread added: 0x00000274205a1bc0
Event: 9.325 Thread 0x000002741fff33a0 Thread exited: 0x000002741fff33a0
Event: 11.193 Thread 0x00000274205a2090 Thread added: 0x00000274205a2090
Event: 16.208 Thread 0x00000274205a2090 Thread exited: 0x00000274205a2090


Dynamic libraries:
0x00007ff7a2660000 - 0x00007ff7a2670000 	C:\Program Files\Java\jdk-18.0.1\bin\java.exe
0x00007ffe82c30000 - 0x00007ffe82e28000 	C:\WINDOWS\SYSTEM32\ntdll.dll
0x00007ffe82a10000 - 0x00007ffe82acf000 	C:\WINDOWS\System32\KERNEL32.DLL
0x00007ffe80860000 - 0x00007ffe80b56000 	C:\WINDOWS\System32\KERNELBASE.dll
0x00007ffe80580000 - 0x00007ffe80680000 	C:\WINDOWS\System32\ucrtbase.dll
0x00007ffe6ff60000 - 0x00007ffe6ff78000 	C:\Program Files\Java\jdk-18.0.1\bin\jli.dll
0x00007ffe81100000 - 0x00007ffe811af000 	C:\WINDOWS\System32\ADVAPI32.dll
0x00007ffe82970000 - 0x00007ffe82a0e000 	C:\WINDOWS\System32\msvcrt.dll
0x00007ffe81a30000 - 0x00007ffe81acc000 	C:\WINDOWS\System32\sechost.dll
0x00007ffe82770000 - 0x00007ffe82896000 	C:\WINDOWS\System32\RPCRT4.dll
0x00007ffe81ad0000 - 0x00007ffe81c6d000 	C:\WINDOWS\System32\USER32.dll
0x00007ffe80310000 - 0x00007ffe80332000 	C:\WINDOWS\System32\win32u.dll
0x00007ffe82570000 - 0x00007ffe8259c000 	C:\WINDOWS\System32\GDI32.dll
0x00007ffe80340000 - 0x00007ffe80455000 	C:\WINDOWS\System32\gdi32full.dll
0x00007ffe80b60000 - 0x00007ffe80bfd000 	C:\WINDOWS\System32\msvcp_win.dll
0x00007ffe6e6f0000 - 0x00007ffe6e70a000 	C:\Program Files\Java\jdk-18.0.1\bin\VCRUNTIME140.dll
0x00007ffe63b20000 - 0x00007ffe63dba000 	C:\WINDOWS\WinSxS\amd64_microsoft.windows.common-controls_6595b64144ccf1df_6.0.19041.1110_none_60b5254171f9507e\COMCTL32.dll
0x00007ffe79b20000 - 0x00007ffe79b2a000 	C:\WINDOWS\SYSTEM32\VERSION.dll
0x00007ffe823b0000 - 0x00007ffe823e0000 	C:\WINDOWS\System32\IMM32.DLL
0x00007ffe6e3b0000 - 0x00007ffe6e3bc000 	C:\Program Files\Java\jdk-18.0.1\bin\vcruntime140_1.dll
0x00007ffe4bae0000 - 0x00007ffe4bb6d000 	C:\Program Files\Java\jdk-18.0.1\bin\msvcp140.dll
0x00007ffe07ef0000 - 0x00007ffe08b00000 	C:\Program Files\Java\jdk-18.0.1\bin\server\jvm.dll
0x00007ffe82b80000 - 0x00007ffe82b88000 	C:\WINDOWS\System32\PSAPI.DLL
0x00007ffe76680000 - 0x00007ffe76689000 	C:\WINDOWS\SYSTEM32\WSOCK32.dll
0x00007ffe822c0000 - 0x00007ffe8232b000 	C:\WINDOWS\System32\WS2_32.dll
0x00007ffe767a0000 - 0x00007ffe767c7000 	C:\WINDOWS\SYSTEM32\WINMM.dll
0x00007ffe7e1d0000 - 0x00007ffe7e1e2000 	C:\WINDOWS\SYSTEM32\kernel.appcore.dll
0x00007ffe6c610000 - 0x00007ffe6c61a000 	C:\Program Files\Java\jdk-18.0.1\bin\jimage.dll
0x00007ffe6e710000 - 0x00007ffe6e8f4000 	C:\WINDOWS\SYSTEM32\DBGHELP.DLL
0x00007ffe6b900000 - 0x00007ffe6b934000 	C:\WINDOWS\SYSTEM32\dbgcore.DLL
0x00007ffe80c00000 - 0x00007ffe80c82000 	C:\WINDOWS\System32\bcryptPrimitives.dll
0x00007ffe6e380000 - 0x00007ffe6e3a5000 	C:\Program Files\Java\jdk-18.0.1\bin\java.dll
0x00007ffe4c760000 - 0x00007ffe4c836000 	C:\Program Files\Java\jdk-18.0.1\bin\jsvml.dll
0x00007ffe811b0000 - 0x00007ffe818f4000 	C:\WINDOWS\System32\SHELL32.dll
0x00007ffe7e3d0000 - 0x00007ffe7eb63000 	C:\WINDOWS\SYSTEM32\windows.storage.dll
0x00007ffe81d70000 - 0x00007ffe820c4000 	C:\WINDOWS\System32\combase.dll
0x00007ffe7fc90000 - 0x00007ffe7fcbe000 	C:\WINDOWS\SYSTEM32\Wldp.dll
0x00007ffe821b0000 - 0x00007ffe8225d000 	C:\WINDOWS\System32\SHCORE.dll
0x00007ffe823e0000 - 0x00007ffe82435000 	C:\WINDOWS\System32\shlwapi.dll
0x00007ffe80250000 - 0x00007ffe8026f000 	C:\WINDOWS\SYSTEM32\profapi.dll
0x00007ffe6c5f0000 - 0x00007ffe6c603000 	C:\Program Files\Java\jdk-18.0.1\bin\net.dll
0x00007ffe72920000 - 0x00007ffe72a2a000 	C:\WINDOWS\SYSTEM32\WINHTTP.dll
0x00007ffe7f9f0000 - 0x00007ffe7fa5a000 	C:\WINDOWS\system32\mswsock.dll
0x00007ffe6c1b0000 - 0x00007ffe6c1c6000 	C:\Program Files\Java\jdk-18.0.1\bin\nio.dll
0x00007ffe6c190000 - 0x00007ffe6c1a8000 	C:\Program Files\Java\jdk-18.0.1\bin\zip.dll
0x00007ffe4c5d0000 - 0x00007ffe4c75f000 	C:\Program Files\Java\jdk-18.0.1\bin\awt.dll
0x00007ffe828a0000 - 0x00007ffe8296d000 	C:\WINDOWS\System32\OLEAUT32.dll
0x00007ffe7db10000 - 0x00007ffe7dba1000 	C:\WINDOWS\SYSTEM32\apphelp.dll
0x00007ffe7dd00000 - 0x00007ffe7dd9e000 	C:\WINDOWS\system32\uxtheme.dll
0x00007ffe82450000 - 0x00007ffe82564000 	C:\WINDOWS\System32\MSCTF.dll
0x00007ffe81900000 - 0x00007ffe81a2a000 	C:\WINDOWS\System32\ole32.dll
0x00007ffe7e0c0000 - 0x00007ffe7e0ef000 	C:\WINDOWS\system32\DWMAPI.DLL
0x00007ffe4b640000 - 0x00007ffe4b6c9000 	C:\Program Files\Java\jdk-18.0.1\bin\freetype.dll
0x00007ffe4b590000 - 0x00007ffe4b638000 	C:\Program Files\Java\jdk-18.0.1\bin\fontmanager.dll
0x00007ffe3b030000 - 0x00007ffe3b155000 	C:\WINDOWS\system32\opengl32.dll
0x00007ffe437d0000 - 0x00007ffe437fc000 	C:\WINDOWS\SYSTEM32\GLU32.dll
0x00007ffe3b580000 - 0x00007ffe3b74d000 	C:\WINDOWS\system32\d3d9.dll
0x00007ffe767d0000 - 0x00007ffe769ab000 	C:\WINDOWS\System32\DriverStore\FileRepository\u0369008.inf_amd64_ee6506488a5aaa50\B366469\aticfx64.dll
0x00007ffe6bfb0000 - 0x00007ffe6bfe3000 	C:\WINDOWS\System32\DriverStore\FileRepository\u0369008.inf_amd64_ee6506488a5aaa50\B366469\atiu9p64.dll
0x00007ffe36e70000 - 0x00007ffe37b91000 	C:\WINDOWS\System32\DriverStore\FileRepository\u0369008.inf_amd64_ee6506488a5aaa50\B366469\atiumd64.dll
0x000000005d740000 - 0x000000005e603000 	C:\WINDOWS\System32\DriverStore\FileRepository\u0369008.inf_amd64_ee6506488a5aaa50\B366469\atiumd6a.dll
0x00007ffe80180000 - 0x00007ffe801cb000 	C:\WINDOWS\SYSTEM32\POWRPROF.dll
0x00007ffe80160000 - 0x00007ffe80172000 	C:\WINDOWS\SYSTEM32\UMPDC.dll
0x00007ffe72610000 - 0x00007ffe72640000 	C:\WINDOWS\SYSTEM32\amdihk64.dll
0x00007ffe777a0000 - 0x00007ffe777db000 	C:\WINDOWS\SYSTEM32\dxcore.dll
0x00007ffe80810000 - 0x00007ffe8085e000 	C:\WINDOWS\System32\cfgmgr32.dll
0x00007ffe6dc60000 - 0x00007ffe6dd5a000 	C:\WINDOWS\SYSTEM32\textinputframework.dll
0x00007ffe7d350000 - 0x00007ffe7d6ae000 	C:\WINDOWS\System32\CoreUIComponents.dll
0x00007ffe7d6b0000 - 0x00007ffe7d7a2000 	C:\WINDOWS\System32\CoreMessaging.dll
0x00007ffe7bff0000 - 0x00007ffe7c144000 	C:\WINDOWS\SYSTEM32\wintypes.dll
0x00007ffe7f430000 - 0x00007ffe7f463000 	C:\WINDOWS\SYSTEM32\ntmarta.dll
0x00007ffe7f720000 - 0x00007ffe7f7eb000 	C:\WINDOWS\SYSTEM32\DNSAPI.dll
0x00007ffe7f6e0000 - 0x00007ffe7f71c000 	C:\WINDOWS\SYSTEM32\IPHLPAPI.DLL
0x00007ffe82440000 - 0x00007ffe82448000 	C:\WINDOWS\System32\NSI.dll
0x00007ffe68c70000 - 0x00007ffe68c7a000 	C:\Windows\System32\rasadhlp.dll
0x00007ffe68e10000 - 0x00007ffe68e92000 	C:\WINDOWS\System32\fwpuclnt.dll
0x00007ffe807e0000 - 0x00007ffe80807000 	C:\WINDOWS\System32\bcrypt.dll
0x00007ffe82ad0000 - 0x00007ffe82b79000 	C:\WINDOWS\System32\clbcatq.dll
0x00007ffe7a780000 - 0x00007ffe7a934000 	C:\WINDOWS\SYSTEM32\WindowsCodecs.dll
0x00007ffe62e50000 - 0x00007ffe62e8e000 	C:\WINDOWS\system32\dataexchange.dll
0x00007ffe7c150000 - 0x00007ffe7c3b3000 	C:\WINDOWS\system32\d3d11.dll
0x00007ffe7cde0000 - 0x00007ffe7cfc3000 	C:\WINDOWS\system32\dcomp.dll
0x00007ffe7ebd0000 - 0x00007ffe7ecc3000 	C:\WINDOWS\system32\dxgi.dll
0x00007ffe7ab00000 - 0x00007ffe7ad00000 	C:\WINDOWS\system32\twinapi.appcore.dll

dbghelp: loaded successfully - version: 4.0.5 - missing functions: none
symbol engine: initialized successfully - sym options: 0x614 - pdb path: .;C:\Program Files\Java\jdk-18.0.1\bin;C:\WINDOWS\SYSTEM32;C:\WINDOWS\WinSxS\amd64_microsoft.windows.common-controls_6595b64144ccf1df_6.0.19041.1110_none_60b5254171f9507e;C:\Program Files\Java\jdk-18.0.1\bin\server;C:\WINDOWS\System32\DriverStore\FileRepository\u0369008.inf_amd64_ee6506488a5aaa50\B366469

VM Arguments:
jvm_args: -Dfile.encoding=UTF-8 --module-path=C:\Users\anike\Documents\NetBeansProjects\Pharmacy Management System2\build\classes 
java_command: PharmacistDashboard
java_class_path (initial): C:\Users\anike\Documents\NetBeansProjects\Pharmacy Management System2\lib\absolutelayout\AbsoluteLayout.jar;C:\Users\anike\Desktop\SQL\AbsoluteLayout.jar;C:\Users\anike\Desktop\SQL\itext.jar;C:\Users\anike\Desktop\SQL\mysql-connector-java-8.0.20.jar;C:\Users\anike\Desktop\SQL\jcalendar-1.3.2.jar;C:\Users\anike\Documents\NetBeansProjects\Pharmacy Management System2\build\classes
Launcher Type: SUN_STANDARD

[Global flags]
     intx CICompilerCount                          = 3                                         {product} {ergonomic}
     uint ConcGCThreads                            = 1                                         {product} {ergonomic}
     uint G1ConcRefinementThreads                  = 4                                         {product} {ergonomic}
   size_t G1HeapRegionSize                         = 1048576                                   {product} {ergonomic}
    uintx GCDrainStackTargetSize                   = 64                                        {product} {ergonomic}
   size_t InitialHeapSize                          = 58720256                                  {product} {ergonomic}
   size_t MarkStackSize                            = 4194304                                   {product} {ergonomic}
   size_t MaxHeapSize                              = 924844032                                 {product} {ergonomic}
   size_t MaxNewSize                               = 554696704                                 {product} {ergonomic}
   size_t MinHeapDeltaBytes                        = 1048576                                   {product} {ergonomic}
   size_t MinHeapSize                              = 8388608                                   {product} {ergonomic}
    uintx NonNMethodCodeHeapSize                   = 5832780                                {pd product} {ergonomic}
    uintx NonProfiledCodeHeapSize                  = 122912730                              {pd product} {ergonomic}
    uintx ProfiledCodeHeapSize                     = 122912730                              {pd product} {ergonomic}
    uintx ReservedCodeCacheSize                    = 251658240                              {pd product} {ergonomic}
     bool SegmentedCodeCache                       = true                                      {product} {ergonomic}
   size_t SoftMaxHeapSize                          = 924844032                              {manageable} {ergonomic}
     bool UseCompressedClassPointers               = true                           {product lp64_product} {ergonomic}
     bool UseCompressedOops                        = true                           {product lp64_product} {ergonomic}
     bool UseG1GC                                  = true                                      {product} {ergonomic}
     bool UseLargePagesIndividualAllocation        = false                                  {pd product} {ergonomic}

Logging:
Log output configuration:
 #0: stdout all=warning uptime,level,tags foldmultilines=false
 #1: stderr all=off uptime,level,tags foldmultilines=false

Environment Variables:
JAVA_HOME=C:\Program Files\Java\jdk-18.0.1
PATH=C:\Program Files\Common Files\Oracle\Java\javapath;C:\WINDOWS\system32;C:\WINDOWS;C:\WINDOWS\System32\Wbem;C:\WINDOWS\System32\WindowsPowerShell\v1.0\;C:\WINDOWS\System32\OpenSSH\;C:\MinGW\bin;C:\Program Files\Git\cmd;C:\Program Files\nodejs\;C:\Program Files\MySQL\MySQL Shell 8.0\bin\;C:\Users\anike\AppData\Local\Programs\Python\Python310\Scripts\;C:\Users\anike\AppData\Local\Programs\Python\Python310\;C:\Users\anike\AppData\Local\Microsoft\WindowsApps;C:\Users\anike\AppData\Local\Programs\Microsoft VS Code\bin;C:\Program Files\Java\jdk-18.0.1\bin;C:\Program Files\heroku\bin;C:\Users\anike\Downloads;D:\New folder\IntelliJ IDEA Community Edition 2022.2.1\bin;;C:\python310\Scripts\;C:\Users\anike\AppData\Roaming\npm
USERNAME=anike
OS=Windows_NT
PROCESSOR_IDENTIFIER=AMD64 Family 23 Model 24 Stepping 1, AuthenticAMD



---------------  S Y S T E M  ---------------

OS:
 Windows 10 , 64 bit Build 19041 (10.0.19041.2913)
OS uptime: 43 days 14:50 hours

CPU: total 4 (initial active 4) (4 cores per cpu, 2 threads per core) family 23 model 24 stepping 1 microcode 0x0, cx8, cmov, fxsr, ht, mmx, 3dnowpref, sse, sse2, sse3, ssse3, sse4a, sse4.1, sse4.2, popcnt, lzcnt, tsc, tscinvbit, avx, avx2, aes, clmul, bmi1, bmi2, adx, sha, fma, vzeroupper, clflush, clflushopt

Memory: 4k page, system-wide physical 3526M (392M free)
TotalPageFile size 14278M (AvailPageFile size 2M)
current process WorkingSet (physical memory assigned to process): 160M, peak: 181M
current process commit charge ("private bytes"): 270M, peak: 270M

vm_info: Java HotSpot(TM) 64-Bit Server VM (18.0.1+10-24) for windows-amd64 JRE (18.0.1+10-24), built on Mar  9 2022 22:41:56 by "mach5one" with MS VC++ 16.8 / 16.9 (VS2019)

END.
