#
# There is insufficient memory for the Java Runtime Environment to continue.
# Native memory allocation (malloc) failed to allocate 201936 bytes for Chunk::new
# Possible reasons:
#   The system is out of physical RAM or swap space
#   The process is running with CompressedOops enabled, and the Java Heap may be blocking the growth of the native heap
# Possible solutions:
#   Reduce memory load on the system
#   Increase physical memory or swap space
#   Check if swap backing store is full
#   Decrease Java heap size (-Xmx/-Xms)
#   Decrease number of Java threads
#   Decrease Java thread stack sizes (-Xss)
#   Set larger code cache with -XX:ReservedCodeCacheSize=
#   JVM is running with Unscaled Compressed Oops mode in which the Java heap is
#     placed in the first 4GB address space. The Java Heap base address is the
#     maximum limit for the native heap growth. Please use -XX:HeapBaseMinAddress
#     to set the Java Heap base and to place the Java Heap above 4GB virtual address.
# This output file may be truncated or incomplete.
#
#  Out of Memory Error (arena.cpp:184), pid=9864, tid=17576
#
# JRE version: Java(TM) SE Runtime Environment (18.0.1+10) (build 18.0.1+10-24)
# Java VM: Java HotSpot(TM) 64-Bit Server VM (18.0.1+10-24, mixed mode, sharing, tiered, compressed oops, compressed class ptrs, g1 gc, windows-amd64)
# No core dump will be written. Minidumps are not enabled by default on client versions of Windows
#

---------------  S U M M A R Y ------------

Command Line: -Dfile.encoding=UTF-8 --module-path=C:\Users\anike\Documents\NetBeansProjects\Pharmacy Management System2\build\classes UpdateMedicine

Host: AMD Ryzen 3 3250U with Radeon Graphics         , 4 cores, 3G,  Windows 10 , 64 bit Build 19041 (10.0.19041.2913)
Time: Sun Jul 23 14:25:54 2023 India Standard Time elapsed time: 1.740626 seconds (0d 0h 0m 1s)

---------------  T H R E A D  ---------------

Current thread (0x0000022b11215300):  JavaThread "C2 CompilerThread0" daemon [_thread_in_native, id=17576, stack(0x000000f4d3c00000,0x000000f4d3d00000)]


Current CompileTask:
C2:   1740 1231 %     4       sun.java2d.marlin.MarlinCache::copyAARowRLE_WithBlockFlags @ 269 (733 bytes)

Stack: [0x000000f4d3c00000,0x000000f4d3d00000]
Native frames: (J=compiled Java code, j=interpreted, Vv=VM code, C=native code)
V  [jvm.dll+0x69887a]
V  [jvm.dll+0x7f38bd]
V  [jvm.dll+0x7f51ce]
V  [jvm.dll+0x7f5883]
V  [jvm.dll+0x25ca3f]
V  [jvm.dll+0xb8c2f]
V  [jvm.dll+0xb8fa5]
V  [jvm.dll+0x2c794f]
V  [jvm.dll+0x5a05b0]
V  [jvm.dll+0x238398]
V  [jvm.dll+0x2319c5]
V  [jvm.dll+0x22eeeb]
V  [jvm.dll+0x1b9cfc]
V  [jvm.dll+0x23e8ca]
V  [jvm.dll+0x23cbb5]
V  [jvm.dll+0x7a5fb1]
V  [jvm.dll+0x7a03ea]
V  [jvm.dll+0x697725]
C  [ucrtbase.dll+0x21bb2]
C  [KERNEL32.DLL+0x17614]
C  [ntdll.dll+0x526a1]


---------------  P R O C E S S  ---------------

Threads class SMR info:
_java_thread_list=0x0000022b16119e60, length=18, elements={
0x0000022b111f99c0, 0x0000022b111fa530, 0x0000022b1120d8a0, 0x0000022b1120e150,
0x0000022b11210220, 0x0000022b11214700, 0x0000022b11215300, 0x0000022b1121af90,
0x0000022b1123cf10, 0x0000022b112f1730, 0x0000022b1559c2e0, 0x0000022b156c8b70,
0x0000022b156c9030, 0x0000022b157a9d30, 0x0000022b1587a880, 0x0000022b743be960,
0x0000022b1607dcd0, 0x0000022b15c65610
}

Java Threads: ( => current thread )
  0x0000022b111f99c0 JavaThread "Reference Handler" daemon [_thread_blocked, id=11428, stack(0x000000f4d3600000,0x000000f4d3700000)]
  0x0000022b111fa530 JavaThread "Finalizer" daemon [_thread_blocked, id=15000, stack(0x000000f4d3700000,0x000000f4d3800000)]
  0x0000022b1120d8a0 JavaThread "Signal Dispatcher" daemon [_thread_blocked, id=976, stack(0x000000f4d3800000,0x000000f4d3900000)]
  0x0000022b1120e150 JavaThread "Attach Listener" daemon [_thread_blocked, id=18012, stack(0x000000f4d3900000,0x000000f4d3a00000)]
  0x0000022b11210220 JavaThread "Service Thread" daemon [_thread_blocked, id=12040, stack(0x000000f4d3a00000,0x000000f4d3b00000)]
  0x0000022b11214700 JavaThread "Monitor Deflation Thread" daemon [_thread_blocked, id=6132, stack(0x000000f4d3b00000,0x000000f4d3c00000)]
=>0x0000022b11215300 JavaThread "C2 CompilerThread0" daemon [_thread_in_native, id=17576, stack(0x000000f4d3c00000,0x000000f4d3d00000)]
  0x0000022b1121af90 JavaThread "C1 CompilerThread0" daemon [_thread_blocked, id=13556, stack(0x000000f4d3d00000,0x000000f4d3e00000)]
  0x0000022b1123cf10 JavaThread "Sweeper thread" daemon [_thread_blocked, id=16096, stack(0x000000f4d3e00000,0x000000f4d3f00000)]
  0x0000022b112f1730 JavaThread "Common-Cleaner" daemon [_thread_blocked, id=18052, stack(0x000000f4d3f00000,0x000000f4d4000000)]
  0x0000022b1559c2e0 JavaThread "Notification Thread" daemon [_thread_blocked, id=14256, stack(0x000000f4d4000000,0x000000f4d4100000)]
  0x0000022b156c8b70 JavaThread "Java2D Disposer" daemon [_thread_blocked, id=8844, stack(0x000000f4d4200000,0x000000f4d4300000)]
  0x0000022b156c9030 JavaThread "AWT-Shutdown" [_thread_blocked, id=9140, stack(0x000000f4d4300000,0x000000f4d4400000)]
  0x0000022b157a9d30 JavaThread "AWT-Windows" daemon [_thread_in_native, id=18168, stack(0x000000f4d4400000,0x000000f4d4500000)]
  0x0000022b1587a880 JavaThread "AWT-EventQueue-0" [_thread_blocked, id=13772, stack(0x000000f4d4500000,0x000000f4d4600000)]
  0x0000022b743be960 JavaThread "DestroyJavaVM" [_thread_blocked, id=15596, stack(0x000000f4d2f00000,0x000000f4d3000000)]
  0x0000022b1607dcd0 JavaThread "Image Fetcher 0" daemon [_thread_blocked, id=2752, stack(0x000000f4d4c00000,0x000000f4d4d00000)]
  0x0000022b15c65610 JavaThread "D3D Screen Updater" daemon [_thread_blocked, id=18000, stack(0x000000f4d5100000,0x000000f4d5200000)]

Other Threads:
  0x0000022b111f0a60 VMThread "VM Thread" [stack: 0x000000f4d3500000,0x000000f4d3600000] [id=17996]
  0x0000022b1559c7a0 WatcherThread "VM Periodic Task Thread" [stack: 0x000000f4d4100000,0x000000f4d4200000] [id=244]
  0x0000022b743fbc70 WorkerThread "GC Thread#0" [stack: 0x000000f4d3000000,0x000000f4d3100000] [id=17232]
  0x0000022b160d5dc0 WorkerThread "GC Thread#1" [stack: 0x000000f4d4d00000,0x000000f4d4e00000] [id=16952]
  0x0000022b160d6060 WorkerThread "GC Thread#2" [stack: 0x000000f4d4e00000,0x000000f4d4f00000] [id=12892]
  0x0000022b162eca50 WorkerThread "GC Thread#3" [stack: 0x000000f4d4f00000,0x000000f4d5000000] [id=16816]
  0x0000022b74405110 ConcurrentGCThread "G1 Main Marker" [stack: 0x000000f4d3100000,0x000000f4d3200000] [id=11676]
  0x0000022b744071c0 WorkerThread "G1 Conc#0" [stack: 0x000000f4d3200000,0x000000f4d3300000] [id=6416]
  0x0000022b74430cd0 ConcurrentGCThread "G1 Refine#0" [stack: 0x000000f4d3300000,0x000000f4d3400000] [id=16444]
  0x0000022b744314f0 ConcurrentGCThread "G1 Service" [stack: 0x000000f4d3400000,0x000000f4d3500000] [id=11052]

Threads with active compile tasks:
C2 CompilerThread0     1770 1231 %     4       sun.java2d.marlin.MarlinCache::copyAARowRLE_WithBlockFlags @ 269 (733 bytes)

VM state: not at safepoint (normal execution)

VM Mutex/Monitor currently owned by a thread: None

Heap address: 0x00000000c8e00000, size: 882 MB, Compressed Oops mode: 32-bit

CDS archive(s) mapped at: [0x0000000800000000-0x0000000800ba0000-0x0000000800ba0000), size 12189696, SharedBaseAddress: 0x0000000800000000, ArchiveRelocationMode: 0.
Compressed class space mapped at: 0x0000000800c00000-0x0000000840c00000, reserved size: 1073741824
Narrow klass base: 0x0000000800000000, Narrow klass shift: 0, Narrow klass range: 0x100000000

GC Precious Log:
 CardTable entry size: 512
 Card Set container configuration: InlinePtr #cards 5 size 8 Array Of Cards #cards 12 size 40 Howl #buckets 4 coarsen threshold 1843 Howl Bitmap #cards 512 size 80 coarsen threshold 460 Card regions per heap region 1 cards per card region 2048
 CPUs: 4 total, 4 available
 Memory: 3526M
 Large Page Support: Disabled
 NUMA Support: Disabled
 Compressed Oops: Enabled (32-bit)
 Heap Region Size: 1M
 Heap Min Capacity: 8M
 Heap Initial Capacity: 56M
 Heap Max Capacity: 882M
 Pre-touch: Disabled
 Parallel Workers: 4
 Concurrent Workers: 1
 Concurrent Refinement Workers: 4
 Periodic GC: Disabled

Heap:
 garbage-first heap   total 57344K, used 14384K [0x00000000c8e00000, 0x0000000100000000)
  region size 1024K, 10 young (10240K), 2 survivors (2048K)
 Metaspace       used 10179K, committed 10368K, reserved 1114112K
  class space    used 1163K, committed 1280K, reserved 1048576K

Heap Regions: E=young(eden), S=young(survivor), O=old, HS=humongous(starts), HC=humongous(continues), CS=collection set, F=free, OA=open archive, CA=closed archive, TAMS=top-at-mark-start (previous, next)
|   0|0x00000000c8e00000, 0x00000000c8f00000, 0x00000000c8f00000|100%| O|  |TAMS 0x00000000c8e00000, 0x00000000c8e00000| Untracked 
|   1|0x00000000c8f00000, 0x00000000c8f0c000, 0x00000000c9000000|  4%| O|  |TAMS 0x00000000c8f00000, 0x00000000c8f00000| Untracked 
|   2|0x00000000c9000000, 0x00000000c9100000, 0x00000000c9100000|100%|HS|  |TAMS 0x00000000c9000000, 0x00000000c9000000| Complete 
|   3|0x00000000c9100000, 0x00000000c9200000, 0x00000000c9200000|100%|HC|  |TAMS 0x00000000c9100000, 0x00000000c9100000| Complete 
|   4|0x00000000c9200000, 0x00000000c9300000, 0x00000000c9300000|100%|HS|  |TAMS 0x00000000c9200000, 0x00000000c9200000| Complete 
|   5|0x00000000c9300000, 0x00000000c9400000, 0x00000000c9400000|100%|HC|  |TAMS 0x00000000c9300000, 0x00000000c9300000| Complete 
|   6|0x00000000c9400000, 0x00000000c9400000, 0x00000000c9500000|  0%| F|  |TAMS 0x00000000c9400000, 0x00000000c9400000| Untracked 
|   7|0x00000000c9500000, 0x00000000c9500000, 0x00000000c9600000|  0%| F|  |TAMS 0x00000000c9500000, 0x00000000c9500000| Untracked 
|   8|0x00000000c9600000, 0x00000000c9600000, 0x00000000c9700000|  0%| F|  |TAMS 0x00000000c9600000, 0x00000000c9600000| Untracked 
|   9|0x00000000c9700000, 0x00000000c9700000, 0x00000000c9800000|  0%| F|  |TAMS 0x00000000c9700000, 0x00000000c9700000| Untracked 
|  10|0x00000000c9800000, 0x00000000c9800000, 0x00000000c9900000|  0%| F|  |TAMS 0x00000000c9800000, 0x00000000c9800000| Untracked 
|  11|0x00000000c9900000, 0x00000000c9900000, 0x00000000c9a00000|  0%| F|  |TAMS 0x00000000c9900000, 0x00000000c9900000| Untracked 
|  12|0x00000000c9a00000, 0x00000000c9a00000, 0x00000000c9b00000|  0%| F|  |TAMS 0x00000000c9a00000, 0x00000000c9a00000| Untracked 
|  13|0x00000000c9b00000, 0x00000000c9b00000, 0x00000000c9c00000|  0%| F|  |TAMS 0x00000000c9b00000, 0x00000000c9b00000| Untracked 
|  14|0x00000000c9c00000, 0x00000000c9c00000, 0x00000000c9d00000|  0%| F|  |TAMS 0x00000000c9c00000, 0x00000000c9c00000| Untracked 
|  15|0x00000000c9d00000, 0x00000000c9d00000, 0x00000000c9e00000|  0%| F|  |TAMS 0x00000000c9d00000, 0x00000000c9d00000| Untracked 
|  16|0x00000000c9e00000, 0x00000000c9e00000, 0x00000000c9f00000|  0%| F|  |TAMS 0x00000000c9e00000, 0x00000000c9e00000| Untracked 
|  17|0x00000000c9f00000, 0x00000000c9f00000, 0x00000000ca000000|  0%| F|  |TAMS 0x00000000c9f00000, 0x00000000c9f00000| Untracked 
|  18|0x00000000ca000000, 0x00000000ca000000, 0x00000000ca100000|  0%| F|  |TAMS 0x00000000ca000000, 0x00000000ca000000| Untracked 
|  19|0x00000000ca100000, 0x00000000ca100000, 0x00000000ca200000|  0%| F|  |TAMS 0x00000000ca100000, 0x00000000ca100000| Untracked 
|  20|0x00000000ca200000, 0x00000000ca200000, 0x00000000ca300000|  0%| F|  |TAMS 0x00000000ca200000, 0x00000000ca200000| Untracked 
|  21|0x00000000ca300000, 0x00000000ca300000, 0x00000000ca400000|  0%| F|  |TAMS 0x00000000ca300000, 0x00000000ca300000| Untracked 
|  22|0x00000000ca400000, 0x00000000ca400000, 0x00000000ca500000|  0%| F|  |TAMS 0x00000000ca400000, 0x00000000ca400000| Untracked 
|  23|0x00000000ca500000, 0x00000000ca500000, 0x00000000ca600000|  0%| F|  |TAMS 0x00000000ca500000, 0x00000000ca500000| Untracked 
|  24|0x00000000ca600000, 0x00000000ca600000, 0x00000000ca700000|  0%| F|  |TAMS 0x00000000ca600000, 0x00000000ca600000| Untracked 
|  25|0x00000000ca700000, 0x00000000ca700000, 0x00000000ca800000|  0%| F|  |TAMS 0x00000000ca700000, 0x00000000ca700000| Untracked 
|  26|0x00000000ca800000, 0x00000000ca800000, 0x00000000ca900000|  0%| F|  |TAMS 0x00000000ca800000, 0x00000000ca800000| Untracked 
|  27|0x00000000ca900000, 0x00000000ca900000, 0x00000000caa00000|  0%| F|  |TAMS 0x00000000ca900000, 0x00000000ca900000| Untracked 
|  28|0x00000000caa00000, 0x00000000caa00000, 0x00000000cab00000|  0%| F|  |TAMS 0x00000000caa00000, 0x00000000caa00000| Untracked 
|  29|0x00000000cab00000, 0x00000000cab00000, 0x00000000cac00000|  0%| F|  |TAMS 0x00000000cab00000, 0x00000000cab00000| Untracked 
|  30|0x00000000cac00000, 0x00000000cac00000, 0x00000000cad00000|  0%| F|  |TAMS 0x00000000cac00000, 0x00000000cac00000| Untracked 
|  31|0x00000000cad00000, 0x00000000cad00000, 0x00000000cae00000|  0%| F|  |TAMS 0x00000000cad00000, 0x00000000cad00000| Untracked 
|  32|0x00000000cae00000, 0x00000000cae00000, 0x00000000caf00000|  0%| F|  |TAMS 0x00000000cae00000, 0x00000000cae00000| Untracked 
|  33|0x00000000caf00000, 0x00000000caf00000, 0x00000000cb000000|  0%| F|  |TAMS 0x00000000caf00000, 0x00000000caf00000| Untracked 
|  34|0x00000000cb000000, 0x00000000cb000000, 0x00000000cb100000|  0%| F|  |TAMS 0x00000000cb000000, 0x00000000cb000000| Untracked 
|  35|0x00000000cb100000, 0x00000000cb100000, 0x00000000cb200000|  0%| F|  |TAMS 0x00000000cb100000, 0x00000000cb100000| Untracked 
|  36|0x00000000cb200000, 0x00000000cb200000, 0x00000000cb300000|  0%| F|  |TAMS 0x00000000cb200000, 0x00000000cb200000| Untracked 
|  37|0x00000000cb300000, 0x00000000cb300000, 0x00000000cb400000|  0%| F|  |TAMS 0x00000000cb300000, 0x00000000cb300000| Untracked 
|  38|0x00000000cb400000, 0x00000000cb400000, 0x00000000cb500000|  0%| F|  |TAMS 0x00000000cb400000, 0x00000000cb400000| Untracked 
|  39|0x00000000cb500000, 0x00000000cb500000, 0x00000000cb600000|  0%| F|  |TAMS 0x00000000cb500000, 0x00000000cb500000| Untracked 
|  40|0x00000000cb600000, 0x00000000cb600000, 0x00000000cb700000|  0%| F|  |TAMS 0x00000000cb600000, 0x00000000cb600000| Untracked 
|  41|0x00000000cb700000, 0x00000000cb800000, 0x00000000cb800000|100%| S|CS|TAMS 0x00000000cb700000, 0x00000000cb700000| Complete 
|  42|0x00000000cb800000, 0x00000000cb900000, 0x00000000cb900000|100%| S|CS|TAMS 0x00000000cb800000, 0x00000000cb800000| Complete 
|  43|0x00000000cb900000, 0x00000000cb900000, 0x00000000cba00000|  0%| F|  |TAMS 0x00000000cb900000, 0x00000000cb900000| Untracked 
|  44|0x00000000cba00000, 0x00000000cba00000, 0x00000000cbb00000|  0%| F|  |TAMS 0x00000000cba00000, 0x00000000cba00000| Untracked 
|  45|0x00000000cbb00000, 0x00000000cbb00000, 0x00000000cbc00000|  0%| F|  |TAMS 0x00000000cbb00000, 0x00000000cbb00000| Untracked 
|  46|0x00000000cbc00000, 0x00000000cbc00000, 0x00000000cbd00000|  0%| F|  |TAMS 0x00000000cbc00000, 0x00000000cbc00000| Untracked 
|  47|0x00000000cbd00000, 0x00000000cbd00000, 0x00000000cbe00000|  0%| F|  |TAMS 0x00000000cbd00000, 0x00000000cbd00000| Untracked 
|  48|0x00000000cbe00000, 0x00000000cbe59dd0, 0x00000000cbf00000| 35%| E|  |TAMS 0x00000000cbe00000, 0x00000000cbe00000| Complete 
|  49|0x00000000cbf00000, 0x00000000cc000000, 0x00000000cc000000|100%| E|CS|TAMS 0x00000000cbf00000, 0x00000000cbf00000| Complete 
|  50|0x00000000cc000000, 0x00000000cc100000, 0x00000000cc100000|100%| E|CS|TAMS 0x00000000cc000000, 0x00000000cc000000| Complete 
|  51|0x00000000cc100000, 0x00000000cc200000, 0x00000000cc200000|100%| E|CS|TAMS 0x00000000cc100000, 0x00000000cc100000| Complete 
|  52|0x00000000cc200000, 0x00000000cc300000, 0x00000000cc300000|100%| E|CS|TAMS 0x00000000cc200000, 0x00000000cc200000| Complete 
|  53|0x00000000cc300000, 0x00000000cc400000, 0x00000000cc400000|100%| E|CS|TAMS 0x00000000cc300000, 0x00000000cc300000| Complete 
|  54|0x00000000cc400000, 0x00000000cc500000, 0x00000000cc500000|100%| E|CS|TAMS 0x00000000cc400000, 0x00000000cc400000| Complete 
|  55|0x00000000cc500000, 0x00000000cc600000, 0x00000000cc600000|100%| E|CS|TAMS 0x00000000cc500000, 0x00000000cc500000| Complete 

Card table byte_map: [0x0000022b7dcc0000,0x0000022b7de80000] _byte_map_base: 0x0000022b7d679000

Marking Bits (Prev, Next): (CMBitMap*) 0x0000022b743fd190, (CMBitMap*) 0x0000022b743fd1d0
 Prev Bits: [0x0000022b7e040000, 0x0000022b7ee08000)
 Next Bits: [0x0000022b7ee10000, 0x0000022b7fbd8000)

Polling page: 0x0000022b7d4b0000

Metaspace:

Usage:
  Non-class:      8.81 MB used.
      Class:      1.14 MB used.
       Both:      9.94 MB used.

Virtual space:
  Non-class space:       64.00 MB reserved,       8.88 MB ( 14%) committed,  1 nodes.
      Class space:        1.00 GB reserved,       1.25 MB ( <1%) committed,  1 nodes.
             Both:        1.06 GB reserved,      10.12 MB ( <1%) committed. 

Chunk freelists:
   Non-Class:  3.00 MB
       Class:  2.74 MB
        Both:  5.74 MB

MaxMetaspaceSize: unlimited
CompressedClassSpaceSize: 1.00 GB
Initial GC threshold: 21.00 MB
Current GC threshold: 21.00 MB
CDS: on
MetaspaceReclaimPolicy: balanced
 - commit_granule_bytes: 65536.
 - commit_granule_words: 8192.
 - virtual_space_node_default_size: 8388608.
 - enlarge_chunks_in_place: 1.
 - new_chunks_are_fully_committed: 0.
 - uncommit_free_chunks: 1.
 - use_allocation_guard: 0.


Internal statistics:

num_allocs_failed_limit: 0.
num_arena_births: 140.
num_arena_deaths: 0.
num_vsnodes_births: 2.
num_vsnodes_deaths: 0.
num_space_committed: 162.
num_space_uncommitted: 0.
num_chunks_returned_to_freelist: 0.
num_chunks_taken_from_freelist: 205.
num_chunk_merges: 0.
num_chunk_splits: 109.
num_chunks_enlarged: 35.
num_inconsistent_stats: 0.

CodeHeap 'non-profiled nmethods': size=120000Kb used=381Kb max_used=381Kb free=119618Kb
 bounds [0x0000022b07ad0000, 0x0000022b07d40000, 0x0000022b0f000000]
CodeHeap 'profiled nmethods': size=120000Kb used=2143Kb max_used=2143Kb free=117856Kb
 bounds [0x0000022b005a0000, 0x0000022b00810000, 0x0000022b07ad0000]
CodeHeap 'non-nmethods': size=5760Kb used=1334Kb max_used=1347Kb free=4425Kb
 bounds [0x0000022b00000000, 0x0000022b00270000, 0x0000022b005a0000]
 total_blobs=1917 nmethods=1250 adapters=580
 compilation: enabled
              stopped_count=0, restarted_count=0
 full_count=0

Compilation events (20 events):
Event: 1.724 Thread 0x0000022b1121af90 nmethod 1233 0x0000022b007ae990 code [0x0000022b007aeb40, 0x0000022b007aedc8]
Event: 1.726 Thread 0x0000022b1121af90 1237       3       sun.awt.image.SunVolatileImage::getWidth (5 bytes)
Event: 1.726 Thread 0x0000022b1121af90 nmethod 1237 0x0000022b007aef10 code [0x0000022b007af0a0, 0x0000022b007af1d8]
Event: 1.726 Thread 0x0000022b1121af90 1238       3       sun.awt.image.SunVolatileImage::getHeight (5 bytes)
Event: 1.727 Thread 0x0000022b1121af90 nmethod 1238 0x0000022b007af290 code [0x0000022b007af420, 0x0000022b007af558]
Event: 1.727 Thread 0x0000022b1121af90 1239       3       java.awt.Font::equals (131 bytes)
Event: 1.727 Thread 0x0000022b1121af90 nmethod 1239 0x0000022b007af610 code [0x0000022b007af840, 0x0000022b007affc8]
Event: 1.731 Thread 0x0000022b1121af90 1240       3       javax.swing.RepaintManager::currentManager (37 bytes)
Event: 1.732 Thread 0x0000022b1121af90 nmethod 1240 0x0000022b007b0190 code [0x0000022b007b0360, 0x0000022b007b06c8]
Event: 1.732 Thread 0x0000022b1121af90 1241       3       javax.swing.JComponent::getX (5 bytes)
Event: 1.732 Thread 0x0000022b1121af90 nmethod 1241 0x0000022b007b0810 code [0x0000022b007b09a0, 0x0000022b007b0ab8]
Event: 1.732 Thread 0x0000022b1121af90 1242       3       javax.swing.JComponent::getY (5 bytes)
Event: 1.732 Thread 0x0000022b1121af90 nmethod 1242 0x0000022b007b0b90 code [0x0000022b007b0d20, 0x0000022b007b0e38]
Event: 1.732 Thread 0x0000022b1121af90 1243       3       javax.swing.plaf.nimbus.NimbusStyle::get (241 bytes)
Event: 1.735 Thread 0x0000022b1121af90 nmethod 1243 0x0000022b007b0f10 code [0x0000022b007b1280, 0x0000022b007b2758]
Event: 1.735 Thread 0x0000022b1121af90 1244       3       java.awt.geom.AffineTransform::updateState (230 bytes)
Event: 1.736 Thread 0x0000022b1121af90 nmethod 1244 0x0000022b007b3090 code [0x0000022b007b32a0, 0x0000022b007b3b58]
Event: 1.736 Thread 0x0000022b1121af90 1245       3       jdk.internal.misc.Unsafe::checkSize (32 bytes)
Event: 1.736 Thread 0x0000022b1121af90 nmethod 1245 0x0000022b007b3c10 code [0x0000022b007b3dc0, 0x0000022b007b4048]
Event: 1.736 Thread 0x0000022b1121af90 1246       3       sun.java2d.marlin.MarlinTileGenerator::nextTile (72 bytes)

GC Heap History (2 events):
Event: 1.049 GC heap before
{Heap before GC invocations=0 (full 0):
 garbage-first heap   total 57344K, used 13312K [0x00000000c8e00000, 0x0000000100000000)
  region size 1024K, 13 young (13312K), 0 survivors (0K)
 Metaspace       used 8015K, committed 8256K, reserved 1114112K
  class space    used 909K, committed 1024K, reserved 1048576K
}
Event: 1.058 GC heap after
{Heap after GC invocations=1 (full 0):
 garbage-first heap   total 57344K, used 3120K [0x00000000c8e00000, 0x0000000100000000)
  region size 1024K, 2 young (2048K), 2 survivors (2048K)
 Metaspace       used 8015K, committed 8256K, reserved 1114112K
  class space    used 909K, committed 1024K, reserved 1048576K
}

Deoptimization events (20 events):
Event: 0.768 Thread 0x0000022b1587a880 DEOPT PACKING pc=0x0000022b07afdfcc sp=0x000000f4d45fe1b0
Event: 0.768 Thread 0x0000022b1587a880 DEOPT UNPACKING pc=0x0000022b000523a3 sp=0x000000f4d45fe120 mode 2
Event: 0.770 Thread 0x0000022b1587a880 DEOPT PACKING pc=0x0000022b005b75e7 sp=0x000000f4d45fe8a0
Event: 0.770 Thread 0x0000022b1587a880 DEOPT UNPACKING pc=0x0000022b00052b43 sp=0x000000f4d45fdcc0 mode 0
Event: 0.934 Thread 0x0000022b1607dcd0 Uncommon trap: trap_request=0xffffff45 fr.pc=0x0000022b07b084f0 relative=0x00000000000003d0
Event: 0.934 Thread 0x0000022b1607dcd0 Uncommon trap: reason=unstable_if action=reinterpret pc=0x0000022b07b084f0 method=java.lang.StringLatin1.newString([BII)Ljava/lang/String; @ 1 c2
Event: 0.934 Thread 0x0000022b1607dcd0 DEOPT PACKING pc=0x0000022b07b084f0 sp=0x000000f4d4cfeca0
Event: 0.934 Thread 0x0000022b1607dcd0 DEOPT UNPACKING pc=0x0000022b000523a3 sp=0x000000f4d4cfec68 mode 2
Event: 1.693 Thread 0x0000022b1587a880 Uncommon trap: trap_request=0xffffff45 fr.pc=0x0000022b07b10394 relative=0x0000000000001914
Event: 1.693 Thread 0x0000022b1587a880 Uncommon trap: reason=unstable_if action=reinterpret pc=0x0000022b07b10394 method=java.lang.ref.SoftReference.get()Ljava/lang/Object; @ 17 c2
Event: 1.693 Thread 0x0000022b1587a880 DEOPT PACKING pc=0x0000022b07b10394 sp=0x000000f4d45fdb30
Event: 1.693 Thread 0x0000022b1587a880 DEOPT UNPACKING pc=0x0000022b000523a3 sp=0x000000f4d45fda20 mode 2
Event: 1.712 Thread 0x0000022b15c65610 DEOPT PACKING pc=0x0000022b00768562 sp=0x000000f4d51fef40
Event: 1.712 Thread 0x0000022b15c65610 DEOPT UNPACKING pc=0x0000022b00052b43 sp=0x000000f4d51fe3d0 mode 3
Event: 1.715 Thread 0x0000022b1587a880 DEOPT PACKING pc=0x0000022b0079548e sp=0x000000f4d45fd6c0
Event: 1.715 Thread 0x0000022b1587a880 DEOPT UNPACKING pc=0x0000022b00052b43 sp=0x000000f4d45fca50 mode 0
Event: 1.719 Thread 0x0000022b1587a880 DEOPT PACKING pc=0x0000022b00785746 sp=0x000000f4d45fd650
Event: 1.719 Thread 0x0000022b1587a880 DEOPT UNPACKING pc=0x0000022b00052b43 sp=0x000000f4d45fcb00 mode 0
Event: 1.736 Thread 0x0000022b1587a880 DEOPT PACKING pc=0x0000022b00785746 sp=0x000000f4d45fd740
Event: 1.736 Thread 0x0000022b1587a880 DEOPT UNPACKING pc=0x0000022b00052b43 sp=0x000000f4d45fcbd0 mode 0

Classes loaded (20 events):
Event: 1.690 Loading class sun/awt/windows/WInputMethod
Event: 1.691 Loading class sun/awt/im/InputMethodAdapter
Event: 1.691 Loading class java/awt/im/spi/InputMethod
Event: 1.691 Loading class java/awt/im/spi/InputMethod done
Event: 1.691 Loading class sun/awt/im/InputMethodAdapter done
Event: 1.691 Loading class sun/awt/windows/WInputMethod done
Event: 1.695 Loading class java/awt/event/ContainerEvent
Event: 1.695 Loading class java/awt/event/ContainerEvent done
Event: 1.696 Loading class java/awt/TextComponent
Event: 1.696 Loading class java/awt/TextComponent done
Event: 1.697 Loading class java/awt/KeyboardFocusManager$3
Event: 1.697 Loading class java/awt/KeyboardFocusManager$3 done
Event: 1.704 Loading class sun/awt/im/CompositionAreaHandler
Event: 1.705 Loading class sun/awt/im/CompositionAreaHandler done
Event: 1.705 Loading class java/text/AttributedString
Event: 1.707 Loading class java/text/AttributedString done
Event: 1.707 Loading class java/text/AttributedString$AttributedStringIterator
Event: 1.708 Loading class java/text/AttributedCharacterIterator
Event: 1.709 Loading class java/text/AttributedCharacterIterator done
Event: 1.709 Loading class java/text/AttributedString$AttributedStringIterator done

Classes unloaded (0 events):
No events

Classes redefined (0 events):
No events

Internal exceptions (20 events):
Event: 0.533 Thread 0x0000022b743be960 Exception <a 'java/lang/ClassNotFoundException'{0x00000000cc1de400}: ToggleButton> (0x00000000cc1de400) 
thrown [s\open\src\hotspot\share\classfile\systemDictionary.cpp, line 255]
Event: 0.533 Thread 0x0000022b743be960 Exception <a 'java/lang/ClassNotFoundException'{0x00000000cc1de838}: javax/swing/JToolBarSeparator> (0x00000000cc1de838) 
thrown [s\open\src\hotspot\share\classfile\systemDictionary.cpp, line 255]
Event: 0.533 Thread 0x0000022b743be960 Exception <a 'java/lang/ClassNotFoundException'{0x00000000cc1deb40}: ToolBarSeparator> (0x00000000cc1deb40) 
thrown [s\open\src\hotspot\share\classfile\systemDictionary.cpp, line 255]
Event: 0.533 Thread 0x0000022b743be960 Exception <a 'java/lang/ClassNotFoundException'{0x00000000cc1df050}: ToolTip> (0x00000000cc1df050) 
thrown [s\open\src\hotspot\share\classfile\systemDictionary.cpp, line 255]
Event: 0.534 Thread 0x0000022b743be960 Exception <a 'java/lang/ClassNotFoundException'{0x00000000cc1df998}: Tree> (0x00000000cc1df998) 
thrown [s\open\src\hotspot\share\classfile\systemDictionary.cpp, line 255]
Event: 0.535 Thread 0x0000022b743be960 Exception <a 'java/lang/ClassNotFoundException'{0x00000000cc1dfe88}: Tree> (0x00000000cc1dfe88) 
thrown [s\open\src\hotspot\share\classfile\systemDictionary.cpp, line 255]
Event: 0.535 Thread 0x0000022b743be960 Exception <a 'java/lang/ClassNotFoundException'{0x00000000cc1e01f0}: javax/swing/JTreeCell> (0x00000000cc1e01f0) 
thrown [s\open\src\hotspot\share\classfile\systemDictionary.cpp, line 255]
Event: 0.535 Thread 0x0000022b743be960 Exception <a 'java/lang/ClassNotFoundException'{0x00000000cc1e04f0}: TreeCell> (0x00000000cc1e04f0) 
thrown [s\open\src\hotspot\share\classfile\systemDictionary.cpp, line 255]
Event: 0.535 Thread 0x0000022b743be960 Exception <a 'java/lang/ClassNotFoundException'{0x00000000cc1e0ca0}: RootPane> (0x00000000cc1e0ca0) 
thrown [s\open\src\hotspot\share\classfile\systemDictionary.cpp, line 255]
Event: 0.538 Thread 0x0000022b743be960 Exception <a 'java/lang/ClassNotFoundException'{0x00000000cc1e3aa8}: com/sun/swing/internal/plaf/metal/resources/spi/metalProvider> (0x00000000cc1e3aa8) 
thrown [s\open\src\hotspot\share\classfile\systemDictionary.cpp, line 255]
Event: 0.540 Thread 0x0000022b743be960 Exception <a 'java/lang/ClassNotFoundException'{0x00000000cc1e7888}: com/sun/swing/internal/plaf/basic/resources/spi/basicProvider> (0x00000000cc1e7888) 
thrown [s\open\src\hotspot\share\classfile\systemDictionary.cpp, line 255]
Event: 0.711 Thread 0x0000022b1587a880 Exception <a 'java/lang/ClassNotFoundException'{0x00000000cc058bc8}: com/sun/swing/internal/plaf/synth/resources/spi/synthProvider> (0x00000000cc058bc8) 
thrown [s\open\src\hotspot\share\classfile\systemDictionary.cpp, line 255]
Event: 0.748 Thread 0x0000022b1587a880 Exception <a 'java/lang/NoSuchMethodError'{0x00000000cc0df878}: 'int java.lang.invoke.Invokers$Holder.invokeExact_MT(java.lang.Object, java.lang.Object)'> (0x00000000cc0df878) 
thrown [s\open\src\hotspot\share\interpreter\linkResolver.cpp, line 766]
Event: 0.754 Thread 0x0000022b1587a880 Exception <a 'java/lang/NoSuchMethodError'{0x00000000cc0e6c90}: 'java.lang.Object java.lang.invoke.DirectMethodHandle$Holder.newInvokeSpecial(java.lang.Object, java.lang.Object, int)'> (0x00000000cc0e6c90) 
thrown [s\open\src\hotspot\share\interpreter\linkResolver.cpp, line 766]
Event: 0.756 Thread 0x0000022b1587a880 Exception <a 'java/lang/NoSuchMethodError'{0x00000000cc0ebec8}: 'int java.lang.invoke.DirectMethodHandle$Holder.invokeSpecial(java.lang.Object, java.lang.Object, java.lang.Object, int)'> (0x00000000cc0ebec8) 
thrown [s\open\src\hotspot\share\interpreter\linkResolver.cpp, line 766]
Event: 0.759 Thread 0x0000022b1587a880 Exception <a 'java/lang/NoSuchMethodError'{0x00000000cc0fe8c0}: 'java.lang.Object java.lang.invoke.DirectMethodHandle$Holder.invokeStatic(java.lang.Object, java.lang.Object, java.lang.Object, java.lang.Object, int)'> (0x00000000cc0fe8c0) 
thrown [s\open\src\hotspot\share\interpreter\linkResolver.cpp, line 766]
Event: 0.761 Thread 0x0000022b1587a880 Exception <a 'java/lang/NoSuchMethodError'{0x00000000cbf0aed8}: 'int java.lang.invoke.DirectMethodHandle$Holder.invokeSpecial(java.lang.Object, java.lang.Object, java.lang.Object)'> (0x00000000cbf0aed8) 
thrown [s\open\src\hotspot\share\interpreter\linkResolver.cpp, line 766]
Event: 0.949 Thread 0x0000022b1607dcd0 Exception <a 'java/lang/NoSuchMethodError'{0x00000000cbd5f160}: 'java.lang.Object java.lang.invoke.DirectMethodHandle$Holder.newInvokeSpecial(java.lang.Object, java.lang.Object, java.lang.Object, int, int, int, int, int)'> (0x00000000cbd5f160) 
thrown [s\open\src\hotspot\share\interpreter\linkResolver.cpp, line 766]
Event: 1.156 Thread 0x0000022b1587a880 Exception <a 'java/lang/NoSuchMethodError'{0x00000000cbf13f90}: 'void java.lang.invoke.DirectMethodHandle$Holder.invokeStaticInit(java.lang.Object)'> (0x00000000cbf13f90) 
thrown [s\open\src\hotspot\share\interpreter\linkResolver.cpp, line 766]
Event: 1.278 Thread 0x0000022b157a9d30 Exception <a 'java/lang/NoSuchMethodError'{0x00000000cc0cf038}: 'void java.lang.invoke.DirectMethodHandle$Holder.invokeVirtual(java.lang.Object, java.lang.Object)'> (0x00000000cc0cf038) 
thrown [s\open\src\hotspot\share\interpreter\linkResolver.cpp, line 766]

VM Operations (10 events):
Event: 0.139 Executing VM operation: HandshakeAllThreads
Event: 0.139 Executing VM operation: HandshakeAllThreads done
Event: 0.831 Executing VM operation: HandshakeAllThreads
Event: 0.831 Executing VM operation: HandshakeAllThreads done
Event: 1.049 Executing VM operation: G1CollectForAllocation
Event: 1.058 Executing VM operation: G1CollectForAllocation done
Event: 1.225 Executing VM operation: HandshakeAllThreads
Event: 1.225 Executing VM operation: HandshakeAllThreads done
Event: 1.597 Executing VM operation: HandshakeAllThreads
Event: 1.597 Executing VM operation: HandshakeAllThreads done

Events (20 events):
Event: 0.057 Thread 0x0000022b11215300 Thread added: 0x0000022b11215300
Event: 0.057 Thread 0x0000022b1121af90 Thread added: 0x0000022b1121af90
Event: 0.058 Thread 0x0000022b1123cf10 Thread added: 0x0000022b1123cf10
Event: 0.098 Thread 0x0000022b112f1730 Thread added: 0x0000022b112f1730
Event: 0.117 Loaded shared library C:\Program Files\Java\jdk-18.0.1\bin\net.dll
Event: 0.120 Loaded shared library C:\Program Files\Java\jdk-18.0.1\bin\nio.dll
Event: 0.158 Thread 0x0000022b1559c2e0 Thread added: 0x0000022b1559c2e0
Event: 0.166 Loaded shared library C:\Program Files\Java\jdk-18.0.1\bin\zip.dll
Event: 0.196 Loaded shared library C:\Program Files\Java\jdk-18.0.1\bin\jimage.dll
Event: 0.220 Loaded shared library C:\Program Files\Java\jdk-18.0.1\bin\awt.dll
Event: 0.314 Thread 0x0000022b156c8b70 Thread added: 0x0000022b156c8b70
Event: 0.316 Thread 0x0000022b156c9030 Thread added: 0x0000022b156c9030
Event: 0.317 Thread 0x0000022b157a9d30 Thread added: 0x0000022b157a9d30
Event: 0.466 Loaded shared library C:\Program Files\Java\jdk-18.0.1\bin\freetype.dll
Event: 0.468 Loaded shared library C:\Program Files\Java\jdk-18.0.1\bin\fontmanager.dll
Event: 0.561 Thread 0x0000022b1587a880 Thread added: 0x0000022b1587a880
Event: 0.561 Thread 0x0000022b743be960 Thread exited: 0x0000022b743be960
Event: 0.561 Thread 0x0000022b743be960 Thread added: 0x0000022b743be960
Event: 0.860 Thread 0x0000022b1607dcd0 Thread added: 0x0000022b1607dcd0
Event: 1.342 Thread 0x0000022b15c65610 Thread added: 0x0000022b15c65610


Dynamic libraries:
0x00007ff7a2660000 - 0x00007ff7a2670000 	C:\Program Files\Java\jdk-18.0.1\bin\java.exe
0x00007ffe82c30000 - 0x00007ffe82e28000 	C:\WINDOWS\SYSTEM32\ntdll.dll
0x00007ffe82a10000 - 0x00007ffe82acf000 	C:\WINDOWS\System32\KERNEL32.DLL
0x00007ffe80860000 - 0x00007ffe80b56000 	C:\WINDOWS\System32\KERNELBASE.dll
0x00007ffe80580000 - 0x00007ffe80680000 	C:\WINDOWS\System32\ucrtbase.dll
0x00007ffe6e6f0000 - 0x00007ffe6e70a000 	C:\Program Files\Java\jdk-18.0.1\bin\VCRUNTIME140.dll
0x00007ffe6ff60000 - 0x00007ffe6ff78000 	C:\Program Files\Java\jdk-18.0.1\bin\jli.dll
0x00007ffe81100000 - 0x00007ffe811af000 	C:\WINDOWS\System32\ADVAPI32.dll
0x00007ffe82970000 - 0x00007ffe82a0e000 	C:\WINDOWS\System32\msvcrt.dll
0x00007ffe81a30000 - 0x00007ffe81acc000 	C:\WINDOWS\System32\sechost.dll
0x00007ffe82770000 - 0x00007ffe82896000 	C:\WINDOWS\System32\RPCRT4.dll
0x00007ffe81ad0000 - 0x00007ffe81c6d000 	C:\WINDOWS\System32\USER32.dll
0x00007ffe80310000 - 0x00007ffe80332000 	C:\WINDOWS\System32\win32u.dll
0x00007ffe82570000 - 0x00007ffe8259c000 	C:\WINDOWS\System32\GDI32.dll
0x00007ffe80340000 - 0x00007ffe80455000 	C:\WINDOWS\System32\gdi32full.dll
0x00007ffe80b60000 - 0x00007ffe80bfd000 	C:\WINDOWS\System32\msvcp_win.dll
0x00007ffe63b20000 - 0x00007ffe63dba000 	C:\WINDOWS\WinSxS\amd64_microsoft.windows.common-controls_6595b64144ccf1df_6.0.19041.1110_none_60b5254171f9507e\COMCTL32.dll
0x00007ffe79b20000 - 0x00007ffe79b2a000 	C:\WINDOWS\SYSTEM32\VERSION.dll
0x00007ffe823b0000 - 0x00007ffe823e0000 	C:\WINDOWS\System32\IMM32.DLL
0x00007ffe6e3b0000 - 0x00007ffe6e3bc000 	C:\Program Files\Java\jdk-18.0.1\bin\vcruntime140_1.dll
0x00007ffe4bae0000 - 0x00007ffe4bb6d000 	C:\Program Files\Java\jdk-18.0.1\bin\msvcp140.dll
0x00007ffe07ef0000 - 0x00007ffe08b00000 	C:\Program Files\Java\jdk-18.0.1\bin\server\jvm.dll
0x00007ffe82b80000 - 0x00007ffe82b88000 	C:\WINDOWS\System32\PSAPI.DLL
0x00007ffe76680000 - 0x00007ffe76689000 	C:\WINDOWS\SYSTEM32\WSOCK32.dll
0x00007ffe822c0000 - 0x00007ffe8232b000 	C:\WINDOWS\System32\WS2_32.dll
0x00007ffe767a0000 - 0x00007ffe767c7000 	C:\WINDOWS\SYSTEM32\WINMM.dll
0x00007ffe7e1d0000 - 0x00007ffe7e1e2000 	C:\WINDOWS\SYSTEM32\kernel.appcore.dll
0x00007ffe6c610000 - 0x00007ffe6c61a000 	C:\Program Files\Java\jdk-18.0.1\bin\jimage.dll
0x00007ffe6e710000 - 0x00007ffe6e8f4000 	C:\WINDOWS\SYSTEM32\DBGHELP.DLL
0x00007ffe6b900000 - 0x00007ffe6b934000 	C:\WINDOWS\SYSTEM32\dbgcore.DLL
0x00007ffe80c00000 - 0x00007ffe80c82000 	C:\WINDOWS\System32\bcryptPrimitives.dll
0x00007ffe6e380000 - 0x00007ffe6e3a5000 	C:\Program Files\Java\jdk-18.0.1\bin\java.dll
0x00007ffe4c760000 - 0x00007ffe4c836000 	C:\Program Files\Java\jdk-18.0.1\bin\jsvml.dll
0x00007ffe811b0000 - 0x00007ffe818f4000 	C:\WINDOWS\System32\SHELL32.dll
0x00007ffe7e3d0000 - 0x00007ffe7eb63000 	C:\WINDOWS\SYSTEM32\windows.storage.dll
0x00007ffe81d70000 - 0x00007ffe820c4000 	C:\WINDOWS\System32\combase.dll
0x00007ffe7fc90000 - 0x00007ffe7fcbe000 	C:\WINDOWS\SYSTEM32\Wldp.dll
0x00007ffe821b0000 - 0x00007ffe8225d000 	C:\WINDOWS\System32\SHCORE.dll
0x00007ffe823e0000 - 0x00007ffe82435000 	C:\WINDOWS\System32\shlwapi.dll
0x00007ffe80250000 - 0x00007ffe8026f000 	C:\WINDOWS\SYSTEM32\profapi.dll
0x00007ffe6c5f0000 - 0x00007ffe6c603000 	C:\Program Files\Java\jdk-18.0.1\bin\net.dll
0x00007ffe72920000 - 0x00007ffe72a2a000 	C:\WINDOWS\SYSTEM32\WINHTTP.dll
0x00007ffe7f9f0000 - 0x00007ffe7fa5a000 	C:\WINDOWS\system32\mswsock.dll
0x00007ffe6c1b0000 - 0x00007ffe6c1c6000 	C:\Program Files\Java\jdk-18.0.1\bin\nio.dll
0x00007ffe6c190000 - 0x00007ffe6c1a8000 	C:\Program Files\Java\jdk-18.0.1\bin\zip.dll
0x00007ffe4c5d0000 - 0x00007ffe4c75f000 	C:\Program Files\Java\jdk-18.0.1\bin\awt.dll
0x00007ffe828a0000 - 0x00007ffe8296d000 	C:\WINDOWS\System32\OLEAUT32.dll
0x00007ffe7db10000 - 0x00007ffe7dba1000 	C:\WINDOWS\SYSTEM32\apphelp.dll
0x00007ffe7dd00000 - 0x00007ffe7dd9e000 	C:\WINDOWS\system32\uxtheme.dll
0x00007ffe82450000 - 0x00007ffe82564000 	C:\WINDOWS\System32\MSCTF.dll
0x00007ffe81900000 - 0x00007ffe81a2a000 	C:\WINDOWS\System32\ole32.dll
0x00007ffe7e0c0000 - 0x00007ffe7e0ef000 	C:\WINDOWS\system32\DWMAPI.DLL
0x00007ffe4b640000 - 0x00007ffe4b6c9000 	C:\Program Files\Java\jdk-18.0.1\bin\freetype.dll
0x00007ffe4b590000 - 0x00007ffe4b638000 	C:\Program Files\Java\jdk-18.0.1\bin\fontmanager.dll
0x00007ffe3b030000 - 0x00007ffe3b155000 	C:\WINDOWS\system32\opengl32.dll
0x00007ffe437d0000 - 0x00007ffe437fc000 	C:\WINDOWS\SYSTEM32\GLU32.dll
0x00007ffe3b580000 - 0x00007ffe3b74d000 	C:\WINDOWS\system32\d3d9.dll
0x00007ffe767d0000 - 0x00007ffe769ab000 	C:\WINDOWS\System32\DriverStore\FileRepository\u0369008.inf_amd64_ee6506488a5aaa50\B366469\aticfx64.dll
0x00007ffe6bfb0000 - 0x00007ffe6bfe3000 	C:\WINDOWS\System32\DriverStore\FileRepository\u0369008.inf_amd64_ee6506488a5aaa50\B366469\atiu9p64.dll
0x00007ffe36e70000 - 0x00007ffe37b91000 	C:\WINDOWS\System32\DriverStore\FileRepository\u0369008.inf_amd64_ee6506488a5aaa50\B366469\atiumd64.dll
0x000000005d740000 - 0x000000005e603000 	C:\WINDOWS\System32\DriverStore\FileRepository\u0369008.inf_amd64_ee6506488a5aaa50\B366469\atiumd6a.dll
0x00007ffe80180000 - 0x00007ffe801cb000 	C:\WINDOWS\SYSTEM32\POWRPROF.dll
0x00007ffe80160000 - 0x00007ffe80172000 	C:\WINDOWS\SYSTEM32\UMPDC.dll
0x00007ffe72610000 - 0x00007ffe72640000 	C:\WINDOWS\SYSTEM32\amdihk64.dll
0x00007ffe777a0000 - 0x00007ffe777db000 	C:\WINDOWS\SYSTEM32\dxcore.dll
0x00007ffe80810000 - 0x00007ffe8085e000 	C:\WINDOWS\System32\cfgmgr32.dll
0x00007ffe82ad0000 - 0x00007ffe82b79000 	C:\WINDOWS\System32\clbcatq.dll
0x00007ffe7a780000 - 0x00007ffe7a934000 	C:\WINDOWS\SYSTEM32\WindowsCodecs.dll
0x00007ffe807e0000 - 0x00007ffe80807000 	C:\WINDOWS\System32\bcrypt.dll
0x00007ffe62e50000 - 0x00007ffe62e8e000 	C:\WINDOWS\system32\dataexchange.dll
0x00007ffe7c150000 - 0x00007ffe7c3b3000 	C:\WINDOWS\system32\d3d11.dll
0x00007ffe7cde0000 - 0x00007ffe7cfc3000 	C:\WINDOWS\system32\dcomp.dll
0x00007ffe7ebd0000 - 0x00007ffe7ecc3000 	C:\WINDOWS\system32\dxgi.dll
0x00007ffe7ab00000 - 0x00007ffe7ad00000 	C:\WINDOWS\system32\twinapi.appcore.dll
0x00007ffe6dc60000 - 0x00007ffe6dd5a000 	C:\WINDOWS\SYSTEM32\textinputframework.dll
0x00007ffe7d350000 - 0x00007ffe7d6ae000 	C:\WINDOWS\System32\CoreUIComponents.dll
0x00007ffe7d6b0000 - 0x00007ffe7d7a2000 	C:\WINDOWS\System32\CoreMessaging.dll
0x00007ffe7f430000 - 0x00007ffe7f463000 	C:\WINDOWS\SYSTEM32\ntmarta.dll
0x00007ffe7bff0000 - 0x00007ffe7c144000 	C:\WINDOWS\SYSTEM32\wintypes.dll

dbghelp: loaded successfully - version: 4.0.5 - missing functions: none
symbol engine: initialized successfully - sym options: 0x614 - pdb path: .;C:\Program Files\Java\jdk-18.0.1\bin;C:\WINDOWS\SYSTEM32;C:\WINDOWS\WinSxS\amd64_microsoft.windows.common-controls_6595b64144ccf1df_6.0.19041.1110_none_60b5254171f9507e;C:\Program Files\Java\jdk-18.0.1\bin\server;C:\WINDOWS\System32\DriverStore\FileRepository\u0369008.inf_amd64_ee6506488a5aaa50\B366469

VM Arguments:
jvm_args: -Dfile.encoding=UTF-8 --module-path=C:\Users\anike\Documents\NetBeansProjects\Pharmacy Management System2\build\classes 
java_command: UpdateMedicine
java_class_path (initial): C:\Users\anike\Documents\NetBeansProjects\Pharmacy Management System2\lib\absolutelayout\AbsoluteLayout.jar;C:\Users\anike\Desktop\SQL\AbsoluteLayout.jar;C:\Users\anike\Desktop\SQL\itext.jar;C:\Users\anike\Desktop\SQL\mysql-connector-java-8.0.20.jar;C:\Users\anike\Desktop\SQL\jcalendar-1.3.2.jar;C:\Users\anike\Documents\NetBeansProjects\Pharmacy Management System2\build\classes
Launcher Type: SUN_STANDARD

[Global flags]
     intx CICompilerCount                          = 3                                         {product} {ergonomic}
     uint ConcGCThreads                            = 1                                         {product} {ergonomic}
     uint G1ConcRefinementThreads                  = 4                                         {product} {ergonomic}
   size_t G1HeapRegionSize                         = 1048576                                   {product} {ergonomic}
    uintx GCDrainStackTargetSize                   = 64                                        {product} {ergonomic}
   size_t InitialHeapSize                          = 58720256                                  {product} {ergonomic}
   size_t MarkStackSize                            = 4194304                                   {product} {ergonomic}
   size_t MaxHeapSize                              = 924844032                                 {product} {ergonomic}
   size_t MaxNewSize                               = 554696704                                 {product} {ergonomic}
   size_t MinHeapDeltaBytes                        = 1048576                                   {product} {ergonomic}
   size_t MinHeapSize                              = 8388608                                   {product} {ergonomic}
    uintx NonNMethodCodeHeapSize                   = 5832780                                {pd product} {ergonomic}
    uintx NonProfiledCodeHeapSize                  = 122912730                              {pd product} {ergonomic}
    uintx ProfiledCodeHeapSize                     = 122912730                              {pd product} {ergonomic}
    uintx ReservedCodeCacheSize                    = 251658240                              {pd product} {ergonomic}
     bool SegmentedCodeCache                       = true                                      {product} {ergonomic}
   size_t SoftMaxHeapSize                          = 924844032                              {manageable} {ergonomic}
     bool UseCompressedClassPointers               = true                           {product lp64_product} {ergonomic}
     bool UseCompressedOops                        = true                           {product lp64_product} {ergonomic}
     bool UseG1GC                                  = true                                      {product} {ergonomic}
     bool UseLargePagesIndividualAllocation        = false                                  {pd product} {ergonomic}

Logging:
Log output configuration:
 #0: stdout all=warning uptime,level,tags foldmultilines=false
 #1: stderr all=off uptime,level,tags foldmultilines=false

Environment Variables:
JAVA_HOME=C:\Program Files\Java\jdk-18.0.1
PATH=C:\Program Files\Common Files\Oracle\Java\javapath;C:\WINDOWS\system32;C:\WINDOWS;C:\WINDOWS\System32\Wbem;C:\WINDOWS\System32\WindowsPowerShell\v1.0\;C:\WINDOWS\System32\OpenSSH\;C:\MinGW\bin;C:\Program Files\Git\cmd;C:\Program Files\nodejs\;C:\Program Files\MySQL\MySQL Shell 8.0\bin\;C:\Users\anike\AppData\Local\Programs\Python\Python310\Scripts\;C:\Users\anike\AppData\Local\Programs\Python\Python310\;C:\Users\anike\AppData\Local\Microsoft\WindowsApps;C:\Users\anike\AppData\Local\Programs\Microsoft VS Code\bin;C:\Program Files\Java\jdk-18.0.1\bin;C:\Program Files\heroku\bin;C:\Users\anike\Downloads;D:\New folder\IntelliJ IDEA Community Edition 2022.2.1\bin;;C:\python310\Scripts\;C:\Users\anike\AppData\Roaming\npm
USERNAME=anike
OS=Windows_NT
PROCESSOR_IDENTIFIER=AMD64 Family 23 Model 24 Stepping 1, AuthenticAMD



---------------  S Y S T E M  ---------------

OS:
 Windows 10 , 64 bit Build 19041 (10.0.19041.2913)
OS uptime: 43 days 16:15 hours

CPU: total 4 (initial active 4) (4 cores per cpu, 2 threads per core) family 23 model 24 stepping 1 microcode 0x0, cx8, cmov, fxsr, ht, mmx, 3dnowpref, sse, sse2, sse3, ssse3, sse4a, sse4.1, sse4.2, popcnt, lzcnt, tsc, tscinvbit, avx, avx2, aes, clmul, bmi1, bmi2, adx, sha, fma, vzeroupper, clflush, clflushopt

Memory: 4k page, system-wide physical 3526M (316M free)
TotalPageFile size 14278M (AvailPageFile size 0M)
current process WorkingSet (physical memory assigned to process): 121M, peak: 121M
current process commit charge ("private bytes"): 203M, peak: 204M

vm_info: Java HotSpot(TM) 64-Bit Server VM (18.0.1+10-24) for windows-amd64 JRE (18.0.1+10-24), built on Mar  9 2022 22:41:56 by "mach5one" with MS VC++ 16.8 / 16.9 (VS2019)

END.
