#
# There is insufficient memory for the Java Runtime Environment to continue.
# Native memory allocation (mmap) failed to map 65536 bytes for Failed to commit metaspace.
# Possible reasons:
#   The system is out of physical RAM or swap space
#   The process is running with CompressedOops enabled, and the Java Heap may be blocking the growth of the native heap
# Possible solutions:
#   Reduce memory load on the system
#   Increase physical memory or swap space
#   Check if swap backing store is full
#   Decrease Java heap size (-Xmx/-Xms)
#   Decrease number of Java threads
#   Decrease Java thread stack sizes (-Xss)
#   Set larger code cache with -XX:ReservedCodeCacheSize=
#   JVM is running with Unscaled Compressed Oops mode in which the Java heap is
#     placed in the first 4GB address space. The Java Heap base address is the
#     maximum limit for the native heap growth. Please use -XX:HeapBaseMinAddress
#     to set the Java Heap base and to place the Java Heap above 4GB virtual address.
# This output file may be truncated or incomplete.
#
#  Out of Memory Error (virtualSpaceNode.cpp:110), pid=2372, tid=9768
#
# JRE version: Java(TM) SE Runtime Environment (18.0.1+10) (build 18.0.1+10-24)
# Java VM: Java HotSpot(TM) 64-Bit Server VM (18.0.1+10-24, mixed mode, sharing, tiered, compressed oops, compressed class ptrs, g1 gc, windows-amd64)
# No core dump will be written. Minidumps are not enabled by default on client versions of Windows
#

---------------  S U M M A R Y ------------

Command Line: -Dfile.encoding=UTF-8 --module-path=C:\Users\anike\Documents\NetBeansProjects\Pharmacy Management System2\build\classes PharmacistDashboard

Host: AMD Ryzen 3 3250U with Radeon Graphics         , 4 cores, 3G,  Windows 10 , 64 bit Build 19041 (10.0.19041.2913)
Time: Sun Jul 23 14:26:01 2023 India Standard Time elapsed time: 1.390891 seconds (0d 0h 0m 1s)

---------------  T H R E A D  ---------------

Current thread (0x000001bb26617bd0):  JavaThread "C1 CompilerThread0" daemon [_thread_in_vm, id=9768, stack(0x000000a6fe800000,0x000000a6fe900000)]


Current CompileTask:
C1:   1391 1083       3       sun.java2d.pipe.BufferedContext::validate (575 bytes)

Stack: [0x000000a6fe800000,0x000000a6fe900000]
Native frames: (J=compiled Java code, j=interpreted, Vv=VM code, C=native code)
V  [jvm.dll+0x69887a]
V  [jvm.dll+0x7f38bd]
V  [jvm.dll+0x7f51ce]
V  [jvm.dll+0x7f5883]
V  [jvm.dll+0x25ca3f]
V  [jvm.dll+0x7ef5cb]
V  [jvm.dll+0x63ea76]
V  [jvm.dll+0x63eada]
V  [jvm.dll+0x64135e]
V  [jvm.dll+0x64121e]
V  [jvm.dll+0x63f43e]
V  [jvm.dll+0x650d9a]
V  [jvm.dll+0x649c8a]
V  [jvm.dll+0x1e4700]
V  [jvm.dll+0x1e48e6]
V  [jvm.dll+0x15add1]
V  [jvm.dll+0x15ac15]
V  [jvm.dll+0x15255e]
V  [jvm.dll+0x154b09]
V  [jvm.dll+0x152df4]
V  [jvm.dll+0x14cbd6]
V  [jvm.dll+0x15c7f6]
V  [jvm.dll+0x1482e0]
V  [jvm.dll+0x148640]
V  [jvm.dll+0x148926]
V  [jvm.dll+0x147d9a]
V  [jvm.dll+0x149a81]
V  [jvm.dll+0x23e8ca]
V  [jvm.dll+0x23cbb5]
V  [jvm.dll+0x7a5fb1]
V  [jvm.dll+0x7a03ea]
V  [jvm.dll+0x697725]
C  [ucrtbase.dll+0x21bb2]
C  [KERNEL32.DLL+0x17614]
C  [ntdll.dll+0x526a1]


---------------  P R O C E S S  ---------------

Threads class SMR info:
_java_thread_list=0x000001bb2b6fc090, length=18, elements={
0x000001bb265f4200, 0x000001bb265f5600, 0x000001bb266077f0, 0x000001bb266091a0,
0x000001bb2660a2e0, 0x000001bb2660ac80, 0x000001bb266122c0, 0x000001bb26617bd0,
0x000001bb26623cb0, 0x000001bb2a910060, 0x000001bb2a98e310, 0x000001bb2ab3bce0,
0x000001bb2ab3c1a0, 0x000001bb2ab96100, 0x000001bb2acb7660, 0x000001bb0b7ae9d0,
0x000001bb2b5bd1a0, 0x000001bb2b6d6fd0
}

Java Threads: ( => current thread )
  0x000001bb265f4200 JavaThread "Reference Handler" daemon [_thread_blocked, id=7056, stack(0x000000a6fe100000,0x000000a6fe200000)]
  0x000001bb265f5600 JavaThread "Finalizer" daemon [_thread_blocked, id=2892, stack(0x000000a6fe200000,0x000000a6fe300000)]
  0x000001bb266077f0 JavaThread "Signal Dispatcher" daemon [_thread_blocked, id=17316, stack(0x000000a6fe300000,0x000000a6fe400000)]
  0x000001bb266091a0 JavaThread "Attach Listener" daemon [_thread_blocked, id=15440, stack(0x000000a6fe400000,0x000000a6fe500000)]
  0x000001bb2660a2e0 JavaThread "Service Thread" daemon [_thread_blocked, id=16184, stack(0x000000a6fe500000,0x000000a6fe600000)]
  0x000001bb2660ac80 JavaThread "Monitor Deflation Thread" daemon [_thread_blocked, id=1264, stack(0x000000a6fe600000,0x000000a6fe700000)]
  0x000001bb266122c0 JavaThread "C2 CompilerThread0" daemon [_thread_in_native, id=1800, stack(0x000000a6fe700000,0x000000a6fe800000)]
=>0x000001bb26617bd0 JavaThread "C1 CompilerThread0" daemon [_thread_in_vm, id=9768, stack(0x000000a6fe800000,0x000000a6fe900000)]
  0x000001bb26623cb0 JavaThread "Sweeper thread" daemon [_thread_blocked, id=2472, stack(0x000000a6fe900000,0x000000a6fea00000)]
  0x000001bb2a910060 JavaThread "Common-Cleaner" daemon [_thread_blocked, id=3608, stack(0x000000a6fea00000,0x000000a6feb00000)]
  0x000001bb2a98e310 JavaThread "Notification Thread" daemon [_thread_blocked, id=2252, stack(0x000000a6feb00000,0x000000a6fec00000)]
  0x000001bb2ab3bce0 JavaThread "Java2D Disposer" daemon [_thread_blocked, id=18360, stack(0x000000a6fed00000,0x000000a6fee00000)]
  0x000001bb2ab3c1a0 JavaThread "AWT-Shutdown" [_thread_blocked, id=15380, stack(0x000000a6fee00000,0x000000a6fef00000)]
  0x000001bb2ab96100 JavaThread "AWT-Windows" daemon [_thread_in_native, id=8608, stack(0x000000a6fef00000,0x000000a6ff000000)]
  0x000001bb2acb7660 JavaThread "AWT-EventQueue-0" [_thread_blocked, id=8884, stack(0x000000a6ff000000,0x000000a6ff100000)]
  0x000001bb0b7ae9d0 JavaThread "DestroyJavaVM" [_thread_blocked, id=8744, stack(0x000000a6fda00000,0x000000a6fdb00000)]
  0x000001bb2b5bd1a0 JavaThread "Image Fetcher 0" daemon [_thread_blocked, id=15896, stack(0x000000a6ff700000,0x000000a6ff800000)]
  0x000001bb2b6d6fd0 JavaThread "D3D Screen Updater" daemon [_thread_blocked, id=16772, stack(0x000000a6ffc00000,0x000000a6ffd00000)]

Other Threads:
  0x000001bb0b87e4d0 VMThread "VM Thread" [stack: 0x000000a6fe000000,0x000000a6fe100000] [id=18244]
  0x000001bb2a9cf3d0 WatcherThread "VM Periodic Task Thread" [stack: 0x000000a6fec00000,0x000000a6fed00000] [id=15240]
  0x000001bb0b7ebce0 WorkerThread "GC Thread#0" [stack: 0x000000a6fdb00000,0x000000a6fdc00000] [id=4372]
  0x000001bb2b44a030 WorkerThread "GC Thread#1" [stack: 0x000000a6ff800000,0x000000a6ff900000] [id=3668]
  0x000001bb2b70cca0 WorkerThread "GC Thread#2" [stack: 0x000000a6ff900000,0x000000a6ffa00000] [id=16612]
  0x000001bb2b70cf40 WorkerThread "GC Thread#3" [stack: 0x000000a6ffa00000,0x000000a6ffb00000] [id=12064]
  0x000001bb0b7f3a50 ConcurrentGCThread "G1 Main Marker" [stack: 0x000000a6fdc00000,0x000000a6fdd00000] [id=9680]
  0x000001bb0b7f5bf0 WorkerThread "G1 Conc#0" [stack: 0x000000a6fdd00000,0x000000a6fde00000] [id=14476]
  0x000001bb0b81eee0 ConcurrentGCThread "G1 Refine#0" [stack: 0x000000a6fde00000,0x000000a6fdf00000] [id=6852]
  0x000001bb2b70d1e0 ConcurrentGCThread "G1 Refine#1" [stack: 0x000000a6ffb00000,0x000000a6ffc00000] [id=5552]
  0x000001bb0b81f7f0 ConcurrentGCThread "G1 Service" [stack: 0x000000a6fdf00000,0x000000a6fe000000] [id=9316]

Threads with active compile tasks:
C2 CompilerThread0     1438 1087 %     4       sun.java2d.marlin.MarlinCache::copyAARowRLE_WithBlockFlags @ 269 (733 bytes)
C1 CompilerThread0     1438 1083       3       sun.java2d.pipe.BufferedContext::validate (575 bytes)

VM state: not at safepoint (normal execution)

VM Mutex/Monitor currently owned by a thread:  ([mutex/lock_event])
[0x000001bb0b7a8d30] Metaspace_lock - owner thread: 0x000001bb26617bd0
[0x000001bb0b7aa700] MethodData_lock - owner thread: 0x000001bb26617bd0

Heap address: 0x00000000c8e00000, size: 882 MB, Compressed Oops mode: 32-bit

CDS archive(s) mapped at: [0x0000000800000000-0x0000000800ba0000-0x0000000800ba0000), size 12189696, SharedBaseAddress: 0x0000000800000000, ArchiveRelocationMode: 0.
Compressed class space mapped at: 0x0000000800c00000-0x0000000840c00000, reserved size: 1073741824
Narrow klass base: 0x0000000800000000, Narrow klass shift: 0, Narrow klass range: 0x100000000

GC Precious Log:
 CardTable entry size: 512
 Card Set container configuration: InlinePtr #cards 5 size 8 Array Of Cards #cards 12 size 40 Howl #buckets 4 coarsen threshold 1843 Howl Bitmap #cards 512 size 80 coarsen threshold 460 Card regions per heap region 1 cards per card region 2048
 CPUs: 4 total, 4 available
 Memory: 3526M
 Large Page Support: Disabled
 NUMA Support: Disabled
 Compressed Oops: Enabled (32-bit)
 Heap Region Size: 1M
 Heap Min Capacity: 8M
 Heap Initial Capacity: 56M
 Heap Max Capacity: 882M
 Pre-touch: Disabled
 Parallel Workers: 4
 Concurrent Workers: 1
 Concurrent Refinement Workers: 4
 Periodic GC: Disabled

Heap:
 garbage-first heap   total 57344K, used 22158K [0x00000000c8e00000, 0x0000000100000000)
  region size 1024K, 9 young (9216K), 0 survivors (0K)
 Metaspace       used 9018K, committed 9152K, reserved 1114112K
  class space    used 1022K, committed 1088K, reserved 1048576K

Heap Regions: E=young(eden), S=young(survivor), O=old, HS=humongous(starts), HC=humongous(continues), CS=collection set, F=free, OA=open archive, CA=closed archive, TAMS=top-at-mark-start (previous, next)
|   0|0x00000000c8e00000, 0x00000000c8f00000, 0x00000000c8f00000|100%| O|  |TAMS 0x00000000c8e00000, 0x00000000c8e00000| Untracked 
|   1|0x00000000c8f00000, 0x00000000c9000000, 0x00000000c9000000|100%| O|  |TAMS 0x00000000c8f00000, 0x00000000c8f00000| Untracked 
|   2|0x00000000c9000000, 0x00000000c9100000, 0x00000000c9100000|100%| O|  |TAMS 0x00000000c9000000, 0x00000000c9000000| Untracked 
|   3|0x00000000c9100000, 0x00000000c91a3800, 0x00000000c9200000| 63%| O|  |TAMS 0x00000000c9100000, 0x00000000c9100000| Untracked 
|   4|0x00000000c9200000, 0x00000000c9300000, 0x00000000c9300000|100%|HS|  |TAMS 0x00000000c9200000, 0x00000000c9200000| Complete 
|   5|0x00000000c9300000, 0x00000000c9400000, 0x00000000c9400000|100%|HC|  |TAMS 0x00000000c9300000, 0x00000000c9300000| Complete 
|   6|0x00000000c9400000, 0x00000000c9500000, 0x00000000c9500000|100%|HC|  |TAMS 0x00000000c9400000, 0x00000000c9400000| Complete 
|   7|0x00000000c9500000, 0x00000000c9600000, 0x00000000c9600000|100%|HC|  |TAMS 0x00000000c9500000, 0x00000000c9500000| Complete 
|   8|0x00000000c9600000, 0x00000000c9700000, 0x00000000c9700000|100%|HC|  |TAMS 0x00000000c9600000, 0x00000000c9600000| Complete 
|   9|0x00000000c9700000, 0x00000000c9800000, 0x00000000c9800000|100%|HS|  |TAMS 0x00000000c9700000, 0x00000000c9700000| Complete 
|  10|0x00000000c9800000, 0x00000000c9900000, 0x00000000c9900000|100%|HC|  |TAMS 0x00000000c9800000, 0x00000000c9800000| Complete 
|  11|0x00000000c9900000, 0x00000000c9a00000, 0x00000000c9a00000|100%|HC|  |TAMS 0x00000000c9900000, 0x00000000c9900000| Complete 
|  12|0x00000000c9a00000, 0x00000000c9b00000, 0x00000000c9b00000|100%|HC|  |TAMS 0x00000000c9a00000, 0x00000000c9a00000| Complete 
|  13|0x00000000c9b00000, 0x00000000c9c00000, 0x00000000c9c00000|100%|HC|  |TAMS 0x00000000c9b00000, 0x00000000c9b00000| Complete 
|  14|0x00000000c9c00000, 0x00000000c9c00000, 0x00000000c9d00000|  0%| F|  |TAMS 0x00000000c9c00000, 0x00000000c9c00000| Untracked 
|  15|0x00000000c9d00000, 0x00000000c9d00000, 0x00000000c9e00000|  0%| F|  |TAMS 0x00000000c9d00000, 0x00000000c9d00000| Untracked 
|  16|0x00000000c9e00000, 0x00000000c9e00000, 0x00000000c9f00000|  0%| F|  |TAMS 0x00000000c9e00000, 0x00000000c9e00000| Untracked 
|  17|0x00000000c9f00000, 0x00000000c9f00000, 0x00000000ca000000|  0%| F|  |TAMS 0x00000000c9f00000, 0x00000000c9f00000| Untracked 
|  18|0x00000000ca000000, 0x00000000ca000000, 0x00000000ca100000|  0%| F|  |TAMS 0x00000000ca000000, 0x00000000ca000000| Untracked 
|  19|0x00000000ca100000, 0x00000000ca100000, 0x00000000ca200000|  0%| F|  |TAMS 0x00000000ca100000, 0x00000000ca100000| Untracked 
|  20|0x00000000ca200000, 0x00000000ca200000, 0x00000000ca300000|  0%| F|  |TAMS 0x00000000ca200000, 0x00000000ca200000| Untracked 
|  21|0x00000000ca300000, 0x00000000ca300000, 0x00000000ca400000|  0%| F|  |TAMS 0x00000000ca300000, 0x00000000ca300000| Untracked 
|  22|0x00000000ca400000, 0x00000000ca400000, 0x00000000ca500000|  0%| F|  |TAMS 0x00000000ca400000, 0x00000000ca400000| Untracked 
|  23|0x00000000ca500000, 0x00000000ca500000, 0x00000000ca600000|  0%| F|  |TAMS 0x00000000ca500000, 0x00000000ca500000| Untracked 
|  24|0x00000000ca600000, 0x00000000ca600000, 0x00000000ca700000|  0%| F|  |TAMS 0x00000000ca600000, 0x00000000ca600000| Untracked 
|  25|0x00000000ca700000, 0x00000000ca700000, 0x00000000ca800000|  0%| F|  |TAMS 0x00000000ca700000, 0x00000000ca700000| Untracked 
|  26|0x00000000ca800000, 0x00000000ca800000, 0x00000000ca900000|  0%| F|  |TAMS 0x00000000ca800000, 0x00000000ca800000| Untracked 
|  27|0x00000000ca900000, 0x00000000ca900000, 0x00000000caa00000|  0%| F|  |TAMS 0x00000000ca900000, 0x00000000ca900000| Untracked 
|  28|0x00000000caa00000, 0x00000000caa00000, 0x00000000cab00000|  0%| F|  |TAMS 0x00000000caa00000, 0x00000000caa00000| Untracked 
|  29|0x00000000cab00000, 0x00000000cab00000, 0x00000000cac00000|  0%| F|  |TAMS 0x00000000cab00000, 0x00000000cab00000| Untracked 
|  30|0x00000000cac00000, 0x00000000cac00000, 0x00000000cad00000|  0%| F|  |TAMS 0x00000000cac00000, 0x00000000cac00000| Untracked 
|  31|0x00000000cad00000, 0x00000000cad00000, 0x00000000cae00000|  0%| F|  |TAMS 0x00000000cad00000, 0x00000000cad00000| Untracked 
|  32|0x00000000cae00000, 0x00000000cae00000, 0x00000000caf00000|  0%| F|  |TAMS 0x00000000cae00000, 0x00000000cae00000| Untracked 
|  33|0x00000000caf00000, 0x00000000caf00000, 0x00000000cb000000|  0%| F|  |TAMS 0x00000000caf00000, 0x00000000caf00000| Untracked 
|  34|0x00000000cb000000, 0x00000000cb000000, 0x00000000cb100000|  0%| F|  |TAMS 0x00000000cb000000, 0x00000000cb000000| Untracked 
|  35|0x00000000cb100000, 0x00000000cb100000, 0x00000000cb200000|  0%| F|  |TAMS 0x00000000cb100000, 0x00000000cb100000| Untracked 
|  36|0x00000000cb200000, 0x00000000cb200000, 0x00000000cb300000|  0%| F|  |TAMS 0x00000000cb200000, 0x00000000cb200000| Untracked 
|  37|0x00000000cb300000, 0x00000000cb300000, 0x00000000cb400000|  0%| F|  |TAMS 0x00000000cb300000, 0x00000000cb300000| Untracked 
|  38|0x00000000cb400000, 0x00000000cb400000, 0x00000000cb500000|  0%| F|  |TAMS 0x00000000cb400000, 0x00000000cb400000| Untracked 
|  39|0x00000000cb500000, 0x00000000cb500000, 0x00000000cb600000|  0%| F|  |TAMS 0x00000000cb500000, 0x00000000cb500000| Untracked 
|  40|0x00000000cb600000, 0x00000000cb600000, 0x00000000cb700000|  0%| F|  |TAMS 0x00000000cb600000, 0x00000000cb600000| Untracked 
|  41|0x00000000cb700000, 0x00000000cb700000, 0x00000000cb800000|  0%| F|  |TAMS 0x00000000cb700000, 0x00000000cb700000| Untracked 
|  42|0x00000000cb800000, 0x00000000cb800000, 0x00000000cb900000|  0%| F|  |TAMS 0x00000000cb800000, 0x00000000cb800000| Untracked 
|  43|0x00000000cb900000, 0x00000000cb900000, 0x00000000cba00000|  0%| F|  |TAMS 0x00000000cb900000, 0x00000000cb900000| Untracked 
|  44|0x00000000cba00000, 0x00000000cba00000, 0x00000000cbb00000|  0%| F|  |TAMS 0x00000000cba00000, 0x00000000cba00000| Untracked 
|  45|0x00000000cbb00000, 0x00000000cbb00000, 0x00000000cbc00000|  0%| F|  |TAMS 0x00000000cbb00000, 0x00000000cbb00000| Untracked 
|  46|0x00000000cbc00000, 0x00000000cbc00000, 0x00000000cbd00000|  0%| F|  |TAMS 0x00000000cbc00000, 0x00000000cbc00000| Untracked 
|  47|0x00000000cbd00000, 0x00000000cbe00000, 0x00000000cbe00000|100%| E|  |TAMS 0x00000000cbd00000, 0x00000000cbd00000| Complete 
|  48|0x00000000cbe00000, 0x00000000cbf00000, 0x00000000cbf00000|100%| E|CS|TAMS 0x00000000cbe00000, 0x00000000cbe00000| Complete 
|  49|0x00000000cbf00000, 0x00000000cc000000, 0x00000000cc000000|100%| E|CS|TAMS 0x00000000cbf00000, 0x00000000cbf00000| Complete 
|  50|0x00000000cc000000, 0x00000000cc100000, 0x00000000cc100000|100%| E|CS|TAMS 0x00000000cc000000, 0x00000000cc000000| Complete 
|  51|0x00000000cc100000, 0x00000000cc200000, 0x00000000cc200000|100%| E|CS|TAMS 0x00000000cc100000, 0x00000000cc100000| Complete 
|  52|0x00000000cc200000, 0x00000000cc300000, 0x00000000cc300000|100%| E|CS|TAMS 0x00000000cc200000, 0x00000000cc200000| Complete 
|  53|0x00000000cc300000, 0x00000000cc400000, 0x00000000cc400000|100%| E|CS|TAMS 0x00000000cc300000, 0x00000000cc300000| Complete 
|  54|0x00000000cc400000, 0x00000000cc500000, 0x00000000cc500000|100%| E|CS|TAMS 0x00000000cc400000, 0x00000000cc400000| Complete 
|  55|0x00000000cc500000, 0x00000000cc600000, 0x00000000cc600000|100%| E|CS|TAMS 0x00000000cc500000, 0x00000000cc500000| Complete 

Card table byte_map: [0x000001bb222b0000,0x000001bb22470000] _byte_map_base: 0x000001bb21c69000

Marking Bits (Prev, Next): (CMBitMap*) 0x000001bb0b7ec2e0, (CMBitMap*) 0x000001bb0b7ec320
 Prev Bits: [0x000001bb22630000, 0x000001bb233f8000)
 Next Bits: [0x000001bb23400000, 0x000001bb241c8000)

Polling page: 0x000001bb0af80000

Metaspace:

Usage:
  Non-class:      7.81 MB used.
      Class:   1022.21 KB used.
       Both:      8.81 MB used.

Virtual space:
  Non-class space:       64.00 MB reserved,       7.88 MB ( 12%) committed,  1 nodes.
      Class space:        1.00 GB reserved,       1.06 MB ( <1%) committed,  1 nodes.
             Both:        1.06 GB reserved,       8.94 MB ( <1%) committed. 

Chunk freelists:
   Non-Class:  79.00 KB
       Class:  2.75 MB
        Both:  2.83 MB

MaxMetaspaceSize: unlimited
CompressedClassSpaceSize: 1.00 GB
Initial GC threshold: 21.00 MB
Current GC threshold: 21.00 MB
CDS: on
MetaspaceReclaimPolicy: balanced
 - commit_granule_bytes: 65536.
 - commit_granule_words: 8192.
 - virtual_space_node_default_size: 8388608.
 - enlarge_chunks_in_place: 1.
 - new_chunks_are_fully_committed: 0.
 - uncommit_free_chunks: 1.
 - use_allocation_guard: 0.


Internal statistics:

num_allocs_failed_limit: 0.
num_arena_births: 140.
num_arena_deaths: 0.
num_vsnodes_births: 2.
num_vsnodes_deaths: 0.
num_space_committed: 143.
num_space_uncommitted: 0.
num_chunks_returned_to_freelist: 0.
num_chunks_taken_from_freelist: 200.
num_chunk_merges: 0.
num_chunk_splits: 108.
num_chunks_enlarged: 33.
num_inconsistent_stats: 0.

CodeHeap 'non-profiled nmethods': size=120000Kb used=369Kb max_used=369Kb free=119630Kb
 bounds [0x000001bb1abc0000, 0x000001bb1ae30000, 0x000001bb220f0000]
CodeHeap 'profiled nmethods': size=120000Kb used=1853Kb max_used=1853Kb free=118146Kb
 bounds [0x000001bb13690000, 0x000001bb13900000, 0x000001bb1abc0000]
CodeHeap 'non-nmethods': size=5760Kb used=1315Kb max_used=1332Kb free=4445Kb
 bounds [0x000001bb130f0000, 0x000001bb13360000, 0x000001bb13690000]
 total_blobs=1723 nmethods=1082 adapters=554
 compilation: enabled
              stopped_count=0, restarted_count=0
 full_count=0

Compilation events (20 events):
Event: 1.357 Thread 0x000001bb26617bd0 nmethod 1073 0x000001bb13856c90 code [0x000001bb13856e40, 0x000001bb138570f8]
Event: 1.357 Thread 0x000001bb26617bd0 1074       3       java.util.concurrent.locks.ReentrantLock$Sync::lock (13 bytes)
Event: 1.357 Thread 0x000001bb26617bd0 nmethod 1074 0x000001bb13857210 code [0x000001bb138573c0, 0x000001bb138575f8]
Event: 1.358 Thread 0x000001bb26617bd0 1075       3       sun.java2d.pipe.RenderBuffer::remaining (11 bytes)
Event: 1.359 Thread 0x000001bb26617bd0 nmethod 1075 0x000001bb13857690 code [0x000001bb13857820, 0x000001bb13857938]
Event: 1.359 Thread 0x000001bb26617bd0 1076       3       sun.java2d.marlin.MarlinTileGenerator::getAlphaRLE (1749 bytes)
Event: 1.366 Thread 0x000001bb26617bd0 nmethod 1076 0x000001bb13857a10 code [0x000001bb13857ec0, 0x000001bb1385b068]
Event: 1.368 Thread 0x000001bb26617bd0 1077       3       sun.java2d.SurfaceData::markDirty (8 bytes)
Event: 1.368 Thread 0x000001bb26617bd0 nmethod 1077 0x000001bb1385d210 code [0x000001bb1385d3a0, 0x000001bb1385d538]
Event: 1.374 Thread 0x000001bb26617bd0 1078       3       sun.java2d.pipe.RenderQueue::lock (4 bytes)
Event: 1.375 Thread 0x000001bb26617bd0 nmethod 1078 0x000001bb1385d610 code [0x000001bb1385d7e0, 0x000001bb1385dbd8]
Event: 1.375 Thread 0x000001bb26617bd0 1079       3       sun.awt.SunToolkit::awtLock (7 bytes)
Event: 1.375 Thread 0x000001bb26617bd0 nmethod 1079 0x000001bb1385dd90 code [0x000001bb1385df60, 0x000001bb1385e2d8]
Event: 1.375 Thread 0x000001bb26617bd0 1080       3       sun.java2d.pipe.RenderQueue::unlock (4 bytes)
Event: 1.376 Thread 0x000001bb26617bd0 nmethod 1080 0x000001bb1385e410 code [0x000001bb1385e5e0, 0x000001bb1385e9f8]
Event: 1.378 Thread 0x000001bb26617bd0 1081       3       sun.java2d.d3d.D3DSurfaceData::getContext (8 bytes)
Event: 1.378 Thread 0x000001bb26617bd0 nmethod 1081 0x000001bb1385eb90 code [0x000001bb1385ed20, 0x000001bb1385ee58]
Event: 1.379 Thread 0x000001bb26617bd0 1082       3       sun.java2d.pipe.BufferedContext::validateContext (26 bytes)
Event: 1.379 Thread 0x000001bb26617bd0 nmethod 1082 0x000001bb1385ef10 code [0x000001bb1385f0c0, 0x000001bb1385f318]
Event: 1.380 Thread 0x000001bb26617bd0 1083       3       sun.java2d.pipe.BufferedContext::validate (575 bytes)

GC Heap History (4 events):
Event: 0.914 GC heap before
{Heap before GC invocations=0 (full 0):
 garbage-first heap   total 57344K, used 13312K [0x00000000c8e00000, 0x0000000100000000)
  region size 1024K, 13 young (13312K), 0 survivors (0K)
 Metaspace       used 7219K, committed 7424K, reserved 1114112K
  class space    used 806K, committed 896K, reserved 1048576K
}
Event: 0.923 GC heap after
{Heap after GC invocations=1 (full 0):
 garbage-first heap   total 57344K, used 3433K [0x00000000c8e00000, 0x0000000100000000)
  region size 1024K, 2 young (2048K), 2 survivors (2048K)
 Metaspace       used 7219K, committed 7424K, reserved 1114112K
  class space    used 806K, committed 896K, reserved 1048576K
}
Event: 0.992 GC heap before
{Heap before GC invocations=1 (full 0):
 garbage-first heap   total 57344K, used 16745K [0x00000000c8e00000, 0x0000000100000000)
  region size 1024K, 15 young (15360K), 2 survivors (2048K)
 Metaspace       used 7221K, committed 7424K, reserved 1114112K
  class space    used 806K, committed 896K, reserved 1048576K
}
Event: 0.996 GC heap after
{Heap after GC invocations=2 (full 0):
 garbage-first heap   total 57344K, used 3726K [0x00000000c8e00000, 0x0000000100000000)
  region size 1024K, 0 young (0K), 0 survivors (0K)
 Metaspace       used 7221K, committed 7424K, reserved 1114112K
  class space    used 806K, committed 896K, reserved 1048576K
}

Deoptimization events (20 events):
Event: 1.026 Thread 0x000001bb2b5bd1a0 DEOPT PACKING pc=0x000001bb1381cd94 sp=0x000000a6ff7fe950
Event: 1.026 Thread 0x000001bb2b5bd1a0 DEOPT UNPACKING pc=0x000001bb13142b43 sp=0x000000a6ff7fde88 mode 0
Event: 1.027 Thread 0x000001bb2b5bd1a0 DEOPT PACKING pc=0x000001bb1381cd94 sp=0x000000a6ff7fe950
Event: 1.027 Thread 0x000001bb2b5bd1a0 DEOPT UNPACKING pc=0x000001bb13142b43 sp=0x000000a6ff7fde88 mode 0
Event: 1.028 Thread 0x000001bb2b5bd1a0 DEOPT PACKING pc=0x000001bb1381cd94 sp=0x000000a6ff7fe950
Event: 1.028 Thread 0x000001bb2b5bd1a0 DEOPT UNPACKING pc=0x000001bb13142b43 sp=0x000000a6ff7fde88 mode 0
Event: 1.029 Thread 0x000001bb2b5bd1a0 DEOPT PACKING pc=0x000001bb1381cd94 sp=0x000000a6ff7fe950
Event: 1.029 Thread 0x000001bb2b5bd1a0 DEOPT UNPACKING pc=0x000001bb13142b43 sp=0x000000a6ff7fde88 mode 0
Event: 1.029 Thread 0x000001bb2b5bd1a0 DEOPT PACKING pc=0x000001bb1381cd94 sp=0x000000a6ff7fe950
Event: 1.029 Thread 0x000001bb2b5bd1a0 DEOPT UNPACKING pc=0x000001bb13142b43 sp=0x000000a6ff7fde88 mode 0
Event: 1.030 Thread 0x000001bb2b5bd1a0 DEOPT PACKING pc=0x000001bb1381cd94 sp=0x000000a6ff7fe950
Event: 1.030 Thread 0x000001bb2b5bd1a0 DEOPT UNPACKING pc=0x000001bb13142b43 sp=0x000000a6ff7fde88 mode 0
Event: 1.031 Thread 0x000001bb2b5bd1a0 DEOPT PACKING pc=0x000001bb1381cd94 sp=0x000000a6ff7fe950
Event: 1.031 Thread 0x000001bb2b5bd1a0 DEOPT UNPACKING pc=0x000001bb13142b43 sp=0x000000a6ff7fde88 mode 0
Event: 1.034 Thread 0x000001bb2b5bd1a0 DEOPT PACKING pc=0x000001bb1381cd94 sp=0x000000a6ff7fe950
Event: 1.034 Thread 0x000001bb2b5bd1a0 DEOPT UNPACKING pc=0x000001bb13142b43 sp=0x000000a6ff7fde88 mode 0
Event: 1.035 Thread 0x000001bb2b5bd1a0 DEOPT PACKING pc=0x000001bb1381cd94 sp=0x000000a6ff7fe950
Event: 1.035 Thread 0x000001bb2b5bd1a0 DEOPT UNPACKING pc=0x000001bb13142b43 sp=0x000000a6ff7fde88 mode 0
Event: 1.036 Thread 0x000001bb2b5bd1a0 DEOPT PACKING pc=0x000001bb1381cd94 sp=0x000000a6ff7fe950
Event: 1.036 Thread 0x000001bb2b5bd1a0 DEOPT UNPACKING pc=0x000001bb13142b43 sp=0x000000a6ff7fde88 mode 0

Classes loaded (20 events):
Event: 1.283 Loading class sun/java2d/d3d/D3DPaints
Event: 1.283 Loading class sun/java2d/d3d/D3DPaints done
Event: 1.283 Loading class sun/java2d/d3d/D3DPaints$Gradient
Event: 1.283 Loading class sun/java2d/d3d/D3DPaints$Gradient done
Event: 1.283 Loading class sun/java2d/d3d/D3DPaints$LinearGradient
Event: 1.283 Loading class sun/java2d/d3d/D3DPaints$MultiGradient
Event: 1.283 Loading class sun/java2d/d3d/D3DPaints$MultiGradient done
Event: 1.283 Loading class sun/java2d/d3d/D3DPaints$LinearGradient done
Event: 1.283 Loading class sun/java2d/d3d/D3DPaints$RadialGradient
Event: 1.283 Loading class sun/java2d/d3d/D3DPaints$RadialGradient done
Event: 1.283 Loading class sun/java2d/d3d/D3DPaints$Texture
Event: 1.284 Loading class sun/java2d/d3d/D3DPaints$Texture done
Event: 1.315 Loading class java/awt/LinearGradientPaintContext
Event: 1.316 Loading class java/awt/MultipleGradientPaintContext
Event: 1.316 Loading class java/awt/PaintContext
Event: 1.316 Loading class java/awt/PaintContext done
Event: 1.316 Loading class java/awt/MultipleGradientPaintContext done
Event: 1.316 Loading class java/awt/LinearGradientPaintContext done
Event: 1.318 Loading class sun/java2d/pipe/AlphaPaintPipe$TileContext
Event: 1.318 Loading class sun/java2d/pipe/AlphaPaintPipe$TileContext done

Classes unloaded (0 events):
No events

Classes redefined (0 events):
No events

Internal exceptions (20 events):
Event: 0.495 Thread 0x000001bb0b7ae9d0 Exception <a 'java/lang/ClassNotFoundException'{0x00000000cc1dbea8}: ToggleButton> (0x00000000cc1dbea8) 
thrown [s\open\src\hotspot\share\classfile\systemDictionary.cpp, line 255]
Event: 0.495 Thread 0x000001bb0b7ae9d0 Exception <a 'java/lang/ClassNotFoundException'{0x00000000cc1dc2e0}: javax/swing/JToolBarSeparator> (0x00000000cc1dc2e0) 
thrown [s\open\src\hotspot\share\classfile\systemDictionary.cpp, line 255]
Event: 0.495 Thread 0x000001bb0b7ae9d0 Exception <a 'java/lang/ClassNotFoundException'{0x00000000cc1dc5e8}: ToolBarSeparator> (0x00000000cc1dc5e8) 
thrown [s\open\src\hotspot\share\classfile\systemDictionary.cpp, line 255]
Event: 0.496 Thread 0x000001bb0b7ae9d0 Exception <a 'java/lang/ClassNotFoundException'{0x00000000cc1dcaf8}: ToolTip> (0x00000000cc1dcaf8) 
thrown [s\open\src\hotspot\share\classfile\systemDictionary.cpp, line 255]
Event: 0.497 Thread 0x000001bb0b7ae9d0 Exception <a 'java/lang/ClassNotFoundException'{0x00000000cc1dd440}: Tree> (0x00000000cc1dd440) 
thrown [s\open\src\hotspot\share\classfile\systemDictionary.cpp, line 255]
Event: 0.497 Thread 0x000001bb0b7ae9d0 Exception <a 'java/lang/ClassNotFoundException'{0x00000000cc1dd930}: Tree> (0x00000000cc1dd930) 
thrown [s\open\src\hotspot\share\classfile\systemDictionary.cpp, line 255]
Event: 0.497 Thread 0x000001bb0b7ae9d0 Exception <a 'java/lang/ClassNotFoundException'{0x00000000cc1ddc98}: javax/swing/JTreeCell> (0x00000000cc1ddc98) 
thrown [s\open\src\hotspot\share\classfile\systemDictionary.cpp, line 255]
Event: 0.497 Thread 0x000001bb0b7ae9d0 Exception <a 'java/lang/ClassNotFoundException'{0x00000000cc1ddf98}: TreeCell> (0x00000000cc1ddf98) 
thrown [s\open\src\hotspot\share\classfile\systemDictionary.cpp, line 255]
Event: 0.498 Thread 0x000001bb0b7ae9d0 Exception <a 'java/lang/ClassNotFoundException'{0x00000000cc1de748}: RootPane> (0x00000000cc1de748) 
thrown [s\open\src\hotspot\share\classfile\systemDictionary.cpp, line 255]
Event: 0.502 Thread 0x000001bb0b7ae9d0 Exception <a 'java/lang/ClassNotFoundException'{0x00000000cc1e1550}: com/sun/swing/internal/plaf/metal/resources/spi/metalProvider> (0x00000000cc1e1550) 
thrown [s\open\src\hotspot\share\classfile\systemDictionary.cpp, line 255]
Event: 0.505 Thread 0x000001bb0b7ae9d0 Exception <a 'java/lang/ClassNotFoundException'{0x00000000cc1e5330}: com/sun/swing/internal/plaf/basic/resources/spi/basicProvider> (0x00000000cc1e5330) 
thrown [s\open\src\hotspot\share\classfile\systemDictionary.cpp, line 255]
Event: 0.642 Thread 0x000001bb2acb7660 Exception <a 'java/lang/ClassNotFoundException'{0x00000000cc058f18}: com/sun/swing/internal/plaf/synth/resources/spi/synthProvider> (0x00000000cc058f18) 
thrown [s\open\src\hotspot\share\classfile\systemDictionary.cpp, line 255]
Event: 0.672 Thread 0x000001bb2acb7660 Exception <a 'java/lang/NoSuchMethodError'{0x00000000cc0dfbb8}: 'int java.lang.invoke.Invokers$Holder.invokeExact_MT(java.lang.Object, java.lang.Object)'> (0x00000000cc0dfbb8) 
thrown [s\open\src\hotspot\share\interpreter\linkResolver.cpp, line 766]
Event: 0.678 Thread 0x000001bb2acb7660 Exception <a 'java/lang/NoSuchMethodError'{0x00000000cc0e6fa0}: 'java.lang.Object java.lang.invoke.DirectMethodHandle$Holder.newInvokeSpecial(java.lang.Object, java.lang.Object, int)'> (0x00000000cc0e6fa0) 
thrown [s\open\src\hotspot\share\interpreter\linkResolver.cpp, line 766]
Event: 0.679 Thread 0x000001bb2acb7660 Exception <a 'java/lang/NoSuchMethodError'{0x00000000cc0ec1d8}: 'int java.lang.invoke.DirectMethodHandle$Holder.invokeSpecial(java.lang.Object, java.lang.Object, java.lang.Object, int)'> (0x00000000cc0ec1d8) 
thrown [s\open\src\hotspot\share\interpreter\linkResolver.cpp, line 766]
Event: 0.685 Thread 0x000001bb2acb7660 Exception <a 'java/lang/NoSuchMethodError'{0x00000000cc0febd0}: 'java.lang.Object java.lang.invoke.DirectMethodHandle$Holder.invokeStatic(java.lang.Object, java.lang.Object, java.lang.Object, java.lang.Object, int)'> (0x00000000cc0febd0) 
thrown [s\open\src\hotspot\share\interpreter\linkResolver.cpp, line 766]
Event: 0.687 Thread 0x000001bb2acb7660 Exception <a 'java/lang/NoSuchMethodError'{0x00000000cbf0b1b8}: 'int java.lang.invoke.DirectMethodHandle$Holder.invokeSpecial(java.lang.Object, java.lang.Object, java.lang.Object)'> (0x00000000cbf0b1b8) 
thrown [s\open\src\hotspot\share\interpreter\linkResolver.cpp, line 766]
Event: 0.798 Thread 0x000001bb2b5bd1a0 Exception <a 'java/lang/NoSuchMethodError'{0x00000000cbec09c0}: 'java.lang.Object java.lang.invoke.DirectMethodHandle$Holder.newInvokeSpecial(java.lang.Object, java.lang.Object, java.lang.Object, int, int, int, int, int)'> (0x00000000cbec09c0) 
thrown [s\open\src\hotspot\share\interpreter\linkResolver.cpp, line 766]
Event: 1.091 Thread 0x000001bb2acb7660 Exception <a 'java/lang/NoSuchMethodError'{0x00000000cbd22400}: 'void java.lang.invoke.DirectMethodHandle$Holder.invokeStaticInit(java.lang.Object)'> (0x00000000cbd22400) 
thrown [s\open\src\hotspot\share\interpreter\linkResolver.cpp, line 766]
Event: 1.165 Thread 0x000001bb2ab96100 Exception <a 'java/lang/NoSuchMethodError'{0x00000000cbef0fe0}: 'void java.lang.invoke.DirectMethodHandle$Holder.invokeVirtual(java.lang.Object, java.lang.Object)'> (0x00000000cbef0fe0) 
thrown [s\open\src\hotspot\share\interpreter\linkResolver.cpp, line 766]

VM Operations (10 events):
Event: 0.129 Executing VM operation: HandshakeAllThreads
Event: 0.129 Executing VM operation: HandshakeAllThreads done
Event: 0.913 Executing VM operation: G1CollectForAllocation
Event: 0.923 Executing VM operation: G1CollectForAllocation done
Event: 0.992 Executing VM operation: G1CollectForAllocation
Event: 0.996 Executing VM operation: G1CollectForAllocation done
Event: 1.060 Executing VM operation: HandshakeAllThreads
Event: 1.060 Executing VM operation: HandshakeAllThreads done
Event: 1.115 Executing VM operation: HandshakeAllThreads
Event: 1.116 Executing VM operation: HandshakeAllThreads done

Events (20 events):
Event: 0.047 Thread 0x000001bb266122c0 Thread added: 0x000001bb266122c0
Event: 0.048 Thread 0x000001bb26617bd0 Thread added: 0x000001bb26617bd0
Event: 0.048 Thread 0x000001bb26623cb0 Thread added: 0x000001bb26623cb0
Event: 0.088 Thread 0x000001bb2a910060 Thread added: 0x000001bb2a910060
Event: 0.108 Loaded shared library C:\Program Files\Java\jdk-18.0.1\bin\net.dll
Event: 0.111 Loaded shared library C:\Program Files\Java\jdk-18.0.1\bin\nio.dll
Event: 0.147 Thread 0x000001bb2a98e310 Thread added: 0x000001bb2a98e310
Event: 0.156 Loaded shared library C:\Program Files\Java\jdk-18.0.1\bin\zip.dll
Event: 0.184 Loaded shared library C:\Program Files\Java\jdk-18.0.1\bin\jimage.dll
Event: 0.209 Loaded shared library C:\Program Files\Java\jdk-18.0.1\bin\awt.dll
Event: 0.291 Thread 0x000001bb2ab3bce0 Thread added: 0x000001bb2ab3bce0
Event: 0.292 Thread 0x000001bb2ab3c1a0 Thread added: 0x000001bb2ab3c1a0
Event: 0.294 Thread 0x000001bb2ab96100 Thread added: 0x000001bb2ab96100
Event: 0.421 Loaded shared library C:\Program Files\Java\jdk-18.0.1\bin\freetype.dll
Event: 0.423 Loaded shared library C:\Program Files\Java\jdk-18.0.1\bin\fontmanager.dll
Event: 0.525 Thread 0x000001bb2acb7660 Thread added: 0x000001bb2acb7660
Event: 0.526 Thread 0x000001bb0b7ae9d0 Thread exited: 0x000001bb0b7ae9d0
Event: 0.526 Thread 0x000001bb0b7ae9d0 Thread added: 0x000001bb0b7ae9d0
Event: 0.718 Thread 0x000001bb2b5bd1a0 Thread added: 0x000001bb2b5bd1a0
Event: 1.221 Thread 0x000001bb2b6d6fd0 Thread added: 0x000001bb2b6d6fd0


Dynamic libraries:
0x00007ff7a2660000 - 0x00007ff7a2670000 	C:\Program Files\Java\jdk-18.0.1\bin\java.exe
0x00007ffe82c30000 - 0x00007ffe82e28000 	C:\WINDOWS\SYSTEM32\ntdll.dll
0x00007ffe82a10000 - 0x00007ffe82acf000 	C:\WINDOWS\System32\KERNEL32.DLL
0x00007ffe80860000 - 0x00007ffe80b56000 	C:\WINDOWS\System32\KERNELBASE.dll
0x00007ffe80580000 - 0x00007ffe80680000 	C:\WINDOWS\System32\ucrtbase.dll
0x00007ffe6e6f0000 - 0x00007ffe6e70a000 	C:\Program Files\Java\jdk-18.0.1\bin\VCRUNTIME140.dll
0x00007ffe6ff60000 - 0x00007ffe6ff78000 	C:\Program Files\Java\jdk-18.0.1\bin\jli.dll
0x00007ffe81100000 - 0x00007ffe811af000 	C:\WINDOWS\System32\ADVAPI32.dll
0x00007ffe82970000 - 0x00007ffe82a0e000 	C:\WINDOWS\System32\msvcrt.dll
0x00007ffe81a30000 - 0x00007ffe81acc000 	C:\WINDOWS\System32\sechost.dll
0x00007ffe82770000 - 0x00007ffe82896000 	C:\WINDOWS\System32\RPCRT4.dll
0x00007ffe81ad0000 - 0x00007ffe81c6d000 	C:\WINDOWS\System32\USER32.dll
0x00007ffe80310000 - 0x00007ffe80332000 	C:\WINDOWS\System32\win32u.dll
0x00007ffe63b20000 - 0x00007ffe63dba000 	C:\WINDOWS\WinSxS\amd64_microsoft.windows.common-controls_6595b64144ccf1df_6.0.19041.1110_none_60b5254171f9507e\COMCTL32.dll
0x00007ffe82570000 - 0x00007ffe8259c000 	C:\WINDOWS\System32\GDI32.dll
0x00007ffe80340000 - 0x00007ffe80455000 	C:\WINDOWS\System32\gdi32full.dll
0x00007ffe80b60000 - 0x00007ffe80bfd000 	C:\WINDOWS\System32\msvcp_win.dll
0x00007ffe79b20000 - 0x00007ffe79b2a000 	C:\WINDOWS\SYSTEM32\VERSION.dll
0x00007ffe823b0000 - 0x00007ffe823e0000 	C:\WINDOWS\System32\IMM32.DLL
0x00007ffe6e3b0000 - 0x00007ffe6e3bc000 	C:\Program Files\Java\jdk-18.0.1\bin\vcruntime140_1.dll
0x00007ffe4bae0000 - 0x00007ffe4bb6d000 	C:\Program Files\Java\jdk-18.0.1\bin\msvcp140.dll
0x00007ffe07ef0000 - 0x00007ffe08b00000 	C:\Program Files\Java\jdk-18.0.1\bin\server\jvm.dll
0x00007ffe82b80000 - 0x00007ffe82b88000 	C:\WINDOWS\System32\PSAPI.DLL
0x00007ffe76680000 - 0x00007ffe76689000 	C:\WINDOWS\SYSTEM32\WSOCK32.dll
0x00007ffe767a0000 - 0x00007ffe767c7000 	C:\WINDOWS\SYSTEM32\WINMM.dll
0x00007ffe822c0000 - 0x00007ffe8232b000 	C:\WINDOWS\System32\WS2_32.dll
0x00007ffe7e1d0000 - 0x00007ffe7e1e2000 	C:\WINDOWS\SYSTEM32\kernel.appcore.dll
0x00007ffe6c610000 - 0x00007ffe6c61a000 	C:\Program Files\Java\jdk-18.0.1\bin\jimage.dll
0x00007ffe6e710000 - 0x00007ffe6e8f4000 	C:\WINDOWS\SYSTEM32\DBGHELP.DLL
0x00007ffe6b900000 - 0x00007ffe6b934000 	C:\WINDOWS\SYSTEM32\dbgcore.DLL
0x00007ffe80c00000 - 0x00007ffe80c82000 	C:\WINDOWS\System32\bcryptPrimitives.dll
0x00007ffe6e380000 - 0x00007ffe6e3a5000 	C:\Program Files\Java\jdk-18.0.1\bin\java.dll
0x00007ffe4c760000 - 0x00007ffe4c836000 	C:\Program Files\Java\jdk-18.0.1\bin\jsvml.dll
0x00007ffe811b0000 - 0x00007ffe818f4000 	C:\WINDOWS\System32\SHELL32.dll
0x00007ffe7e3d0000 - 0x00007ffe7eb63000 	C:\WINDOWS\SYSTEM32\windows.storage.dll
0x00007ffe81d70000 - 0x00007ffe820c4000 	C:\WINDOWS\System32\combase.dll
0x00007ffe7fc90000 - 0x00007ffe7fcbe000 	C:\WINDOWS\SYSTEM32\Wldp.dll
0x00007ffe821b0000 - 0x00007ffe8225d000 	C:\WINDOWS\System32\SHCORE.dll
0x00007ffe823e0000 - 0x00007ffe82435000 	C:\WINDOWS\System32\shlwapi.dll
0x00007ffe80250000 - 0x00007ffe8026f000 	C:\WINDOWS\SYSTEM32\profapi.dll
0x00007ffe6c5f0000 - 0x00007ffe6c603000 	C:\Program Files\Java\jdk-18.0.1\bin\net.dll
0x00007ffe72920000 - 0x00007ffe72a2a000 	C:\WINDOWS\SYSTEM32\WINHTTP.dll
0x00007ffe7f9f0000 - 0x00007ffe7fa5a000 	C:\WINDOWS\system32\mswsock.dll
0x00007ffe6c1b0000 - 0x00007ffe6c1c6000 	C:\Program Files\Java\jdk-18.0.1\bin\nio.dll
0x00007ffe6c190000 - 0x00007ffe6c1a8000 	C:\Program Files\Java\jdk-18.0.1\bin\zip.dll
0x00007ffe4c5d0000 - 0x00007ffe4c75f000 	C:\Program Files\Java\jdk-18.0.1\bin\awt.dll
0x00007ffe828a0000 - 0x00007ffe8296d000 	C:\WINDOWS\System32\OLEAUT32.dll
0x00007ffe7db10000 - 0x00007ffe7dba1000 	C:\WINDOWS\SYSTEM32\apphelp.dll
0x00007ffe7dd00000 - 0x00007ffe7dd9e000 	C:\WINDOWS\system32\uxtheme.dll
0x00007ffe82450000 - 0x00007ffe82564000 	C:\WINDOWS\System32\MSCTF.dll
0x00007ffe81900000 - 0x00007ffe81a2a000 	C:\WINDOWS\System32\ole32.dll
0x00007ffe7e0c0000 - 0x00007ffe7e0ef000 	C:\WINDOWS\system32\DWMAPI.DLL
0x00007ffe4b640000 - 0x00007ffe4b6c9000 	C:\Program Files\Java\jdk-18.0.1\bin\freetype.dll
0x00007ffe4b590000 - 0x00007ffe4b638000 	C:\Program Files\Java\jdk-18.0.1\bin\fontmanager.dll
0x00007ffe3b030000 - 0x00007ffe3b155000 	C:\WINDOWS\system32\opengl32.dll
0x00007ffe437d0000 - 0x00007ffe437fc000 	C:\WINDOWS\SYSTEM32\GLU32.dll
0x00007ffe3b580000 - 0x00007ffe3b74d000 	C:\WINDOWS\system32\d3d9.dll
0x00007ffe767d0000 - 0x00007ffe769ab000 	C:\WINDOWS\System32\DriverStore\FileRepository\u0369008.inf_amd64_ee6506488a5aaa50\B366469\aticfx64.dll
0x00007ffe6bfb0000 - 0x00007ffe6bfe3000 	C:\WINDOWS\System32\DriverStore\FileRepository\u0369008.inf_amd64_ee6506488a5aaa50\B366469\atiu9p64.dll
0x00007ffe36e70000 - 0x00007ffe37b91000 	C:\WINDOWS\System32\DriverStore\FileRepository\u0369008.inf_amd64_ee6506488a5aaa50\B366469\atiumd64.dll
0x000000005d740000 - 0x000000005e603000 	C:\WINDOWS\System32\DriverStore\FileRepository\u0369008.inf_amd64_ee6506488a5aaa50\B366469\atiumd6a.dll
0x00007ffe80180000 - 0x00007ffe801cb000 	C:\WINDOWS\SYSTEM32\POWRPROF.dll
0x00007ffe80160000 - 0x00007ffe80172000 	C:\WINDOWS\SYSTEM32\UMPDC.dll
0x00007ffe72610000 - 0x00007ffe72640000 	C:\WINDOWS\SYSTEM32\amdihk64.dll
0x00007ffe777a0000 - 0x00007ffe777db000 	C:\WINDOWS\SYSTEM32\dxcore.dll
0x00007ffe80810000 - 0x00007ffe8085e000 	C:\WINDOWS\System32\cfgmgr32.dll
0x00007ffe6dc60000 - 0x00007ffe6dd5a000 	C:\WINDOWS\SYSTEM32\textinputframework.dll
0x00007ffe7d350000 - 0x00007ffe7d6ae000 	C:\WINDOWS\System32\CoreUIComponents.dll
0x00007ffe7d6b0000 - 0x00007ffe7d7a2000 	C:\WINDOWS\System32\CoreMessaging.dll
0x00007ffe7f430000 - 0x00007ffe7f463000 	C:\WINDOWS\SYSTEM32\ntmarta.dll
0x00007ffe7bff0000 - 0x00007ffe7c144000 	C:\WINDOWS\SYSTEM32\wintypes.dll

dbghelp: loaded successfully - version: 4.0.5 - missing functions: none
symbol engine: initialized successfully - sym options: 0x614 - pdb path: .;C:\Program Files\Java\jdk-18.0.1\bin;C:\WINDOWS\SYSTEM32;C:\WINDOWS\WinSxS\amd64_microsoft.windows.common-controls_6595b64144ccf1df_6.0.19041.1110_none_60b5254171f9507e;C:\Program Files\Java\jdk-18.0.1\bin\server;C:\WINDOWS\System32\DriverStore\FileRepository\u0369008.inf_amd64_ee6506488a5aaa50\B366469

VM Arguments:
jvm_args: -Dfile.encoding=UTF-8 --module-path=C:\Users\anike\Documents\NetBeansProjects\Pharmacy Management System2\build\classes 
java_command: PharmacistDashboard
java_class_path (initial): C:\Users\anike\Documents\NetBeansProjects\Pharmacy Management System2\lib\absolutelayout\AbsoluteLayout.jar;C:\Users\anike\Desktop\SQL\AbsoluteLayout.jar;C:\Users\anike\Desktop\SQL\itext.jar;C:\Users\anike\Desktop\SQL\mysql-connector-java-8.0.20.jar;C:\Users\anike\Desktop\SQL\jcalendar-1.3.2.jar;C:\Users\anike\Documents\NetBeansProjects\Pharmacy Management System2\build\classes
Launcher Type: SUN_STANDARD

[Global flags]
     intx CICompilerCount                          = 3                                         {product} {ergonomic}
     uint ConcGCThreads                            = 1                                         {product} {ergonomic}
     uint G1ConcRefinementThreads                  = 4                                         {product} {ergonomic}
   size_t G1HeapRegionSize                         = 1048576                                   {product} {ergonomic}
    uintx GCDrainStackTargetSize                   = 64                                        {product} {ergonomic}
   size_t InitialHeapSize                          = 58720256                                  {product} {ergonomic}
   size_t MarkStackSize                            = 4194304                                   {product} {ergonomic}
   size_t MaxHeapSize                              = 924844032                                 {product} {ergonomic}
   size_t MaxNewSize                               = 554696704                                 {product} {ergonomic}
   size_t MinHeapDeltaBytes                        = 1048576                                   {product} {ergonomic}
   size_t MinHeapSize                              = 8388608                                   {product} {ergonomic}
    uintx NonNMethodCodeHeapSize                   = 5832780                                {pd product} {ergonomic}
    uintx NonProfiledCodeHeapSize                  = 122912730                              {pd product} {ergonomic}
    uintx ProfiledCodeHeapSize                     = 122912730                              {pd product} {ergonomic}
    uintx ReservedCodeCacheSize                    = 251658240                              {pd product} {ergonomic}
     bool SegmentedCodeCache                       = true                                      {product} {ergonomic}
   size_t SoftMaxHeapSize                          = 924844032                              {manageable} {ergonomic}
     bool UseCompressedClassPointers               = true                           {product lp64_product} {ergonomic}
     bool UseCompressedOops                        = true                           {product lp64_product} {ergonomic}
     bool UseG1GC                                  = true                                      {product} {ergonomic}
     bool UseLargePagesIndividualAllocation        = false                                  {pd product} {ergonomic}

Logging:
Log output configuration:
 #0: stdout all=warning uptime,level,tags foldmultilines=false
 #1: stderr all=off uptime,level,tags foldmultilines=false

Environment Variables:
JAVA_HOME=C:\Program Files\Java\jdk-18.0.1
PATH=C:\Program Files\Common Files\Oracle\Java\javapath;C:\WINDOWS\system32;C:\WINDOWS;C:\WINDOWS\System32\Wbem;C:\WINDOWS\System32\WindowsPowerShell\v1.0\;C:\WINDOWS\System32\OpenSSH\;C:\MinGW\bin;C:\Program Files\Git\cmd;C:\Program Files\nodejs\;C:\Program Files\MySQL\MySQL Shell 8.0\bin\;C:\Users\anike\AppData\Local\Programs\Python\Python310\Scripts\;C:\Users\anike\AppData\Local\Programs\Python\Python310\;C:\Users\anike\AppData\Local\Microsoft\WindowsApps;C:\Users\anike\AppData\Local\Programs\Microsoft VS Code\bin;C:\Program Files\Java\jdk-18.0.1\bin;C:\Program Files\heroku\bin;C:\Users\anike\Downloads;D:\New folder\IntelliJ IDEA Community Edition 2022.2.1\bin;;C:\python310\Scripts\;C:\Users\anike\AppData\Roaming\npm
USERNAME=anike
OS=Windows_NT
PROCESSOR_IDENTIFIER=AMD64 Family 23 Model 24 Stepping 1, AuthenticAMD



---------------  S Y S T E M  ---------------

OS:
 Windows 10 , 64 bit Build 19041 (10.0.19041.2913)
OS uptime: 43 days 16:16 hours

CPU: total 4 (initial active 4) (4 cores per cpu, 2 threads per core) family 23 model 24 stepping 1 microcode 0x0, cx8, cmov, fxsr, ht, mmx, 3dnowpref, sse, sse2, sse3, ssse3, sse4a, sse4.1, sse4.2, popcnt, lzcnt, tsc, tscinvbit, avx, avx2, aes, clmul, bmi1, bmi2, adx, sha, fma, vzeroupper, clflush, clflushopt

Memory: 4k page, system-wide physical 3526M (325M free)
TotalPageFile size 14278M (AvailPageFile size 0M)
current process WorkingSet (physical memory assigned to process): 108M, peak: 108M
current process commit charge ("private bytes"): 204M, peak: 205M

vm_info: Java HotSpot(TM) 64-Bit Server VM (18.0.1+10-24) for windows-amd64 JRE (18.0.1+10-24), built on Mar  9 2022 22:41:56 by "mach5one" with MS VC++ 16.8 / 16.9 (VS2019)

END.
